[0607/064830.166:ERROR:process_memory_win.cc(73)] ReadMemory at 0x7ff714e40000 of 64 bytes failed: Only part of a ReadProcessMemory or WriteProcessMemory request was completed. (0x12B)
[0607/064830.234:WARNING:pe_image_reader.cc(340)] could not read dos header from C:\Program Files (x86)\Google\Chrome\Application\chrome.exe
[0607/064830.234:ERROR:process_memory_win.cc(73)] ReadMemory at 0x7ff8a70c0000 of 64 bytes failed: Only part of a ReadProcessMemory or WriteProcessMemory request was completed. (0x12B)
[0607/064830.235:WARNING:pe_image_reader.cc(340)] could not read dos header from C:\Windows\SYSTEM32\ntdll.dll
[0607/064830.235:ERROR:process_memory_win.cc(73)] ReadMemory at 0x7ff8a4550000 of 64 bytes failed: Only part of a ReadProcessMemory or WriteProcessMemory request was completed. (0x12B)
[0607/064830.260:WARNING:pe_image_reader.cc(340)] could not read dos header from C:\Windows\System32\KERNEL32.DLL
[0607/064830.260:ERROR:process_memory_win.cc(73)] ReadMemory at 0x7ff8a3540000 of 64 bytes failed: Only part of a ReadProcessMemory or WriteProcessMemory request was completed. (0x12B)
[0607/064830.260:WARNING:pe_image_reader.cc(340)] could not read dos header from C:\Windows\System32\KERNELBASE.dll
[0607/064830.260:ERROR:process_memory_win.cc(73)] ReadMemory at 0x7ff8a06d0000 of 64 bytes failed: Only part of a ReadProcessMemory or WriteProcessMemory request was completed. (0x12B)
[0607/064830.260:WARNING:pe_image_reader.cc(340)] could not read dos header from C:\Windows\SYSTEM32\apphelp.dll
[0607/064830.260:ERROR:process_memory_win.cc(73)] ReadMemory at 0x7ff8a5050000 of 64 bytes failed: Only part of a ReadProcessMemory or WriteProcessMemory request was completed. (0x12B)
[0607/064830.261:WARNING:pe_image_reader.cc(340)] could not read dos header from C:\Windows\System32\SHELL32.dll
[0607/064830.261:ERROR:process_memory_win.cc(73)] ReadMemory at 0x7ff8a4ae0000 of 64 bytes failed: Only part of a ReadProcessMemory or WriteProcessMemory request was completed. (0x12B)
[0607/064830.261:WARNING:pe_image_reader.cc(340)] could not read dos header from C:\Windows\System32\msvcrt.dll
[0607/064830.261:ERROR:process_memory_win.cc(73)] ReadMemory at 0x7ff8a3f50000 of 64 bytes failed: Only part of a ReadProcessMemory or WriteProcessMemory request was completed. (0x12B)
[0607/064830.261:WARNING:pe_image_reader.cc(340)] could not read dos header from C:\Windows\System32\cfgmgr32.dll
[0607/064830.261:ERROR:process_memory_win.cc(73)] ReadMemory at 0x7ff8a41f0000 of 64 bytes failed: Only part of a ReadProcessMemory or WriteProcessMemory request was completed. (0x12B)
[0607/064830.261:WARNING:pe_image_reader.cc(340)] could not read dos header from C:\Windows\System32\ucrtbase.dll
[0607/064830.262:ERROR:process_memory_win.cc(73)] ReadMemory at 0x7ff8a6fe0000 of 64 bytes failed: Only part of a ReadProcessMemory or WriteProcessMemory request was completed. (0x12B)
[0607/064830.262:WARNING:pe_image_reader.cc(340)] could not read dos header from C:\Windows\System32\shcore.dll
[0607/064830.262:ERROR:process_memory_win.cc(73)] ReadMemory at 0x7ff8a4bb0000 of 64 bytes failed: Only part of a ReadProcessMemory or WriteProcessMemory request was completed. (0x12B)
[0607/064830.262:WARNING:pe_image_reader.cc(340)] could not read dos header from C:\Windows\System32\RPCRT4.dll
[0607/064830.262:ERROR:process_memory_win.cc(73)] ReadMemory at 0x7ff8a6740000 of 64 bytes failed: Only part of a ReadProcessMemory or WriteProcessMemory request was completed. (0x12B)
[0607/064830.262:WARNING:pe_image_reader.cc(340)] could not read dos header from C:\Windows\System32\combase.dll
[0607/064830.262:ERROR:process_memory_win.cc(73)] ReadMemory at 0x7ff8a3ed0000 of 64 bytes failed: Only part of a ReadProcessMemory or WriteProcessMemory request was completed. (0x12B)
[0607/064830.262:WARNING:pe_image_reader.cc(340)] could not read dos header from C:\Windows\System32\bcryptPrimitives.dll
[0607/064830.263:ERROR:process_memory_win.cc(73)] ReadMemory at 0x7ff8a37c0000 of 64 bytes failed: Only part of a ReadProcessMemory or WriteProcessMemory request was completed. (0x12B)
[0607/064830.263:WARNING:pe_image_reader.cc(340)] could not read dos header from C:\Windows\System32\windows.storage.dll
[0607/064830.263:ERROR:process_memory_win.cc(73)] ReadMemory at 0x7ff8a64c0000 of 64 bytes failed: Only part of a ReadProcessMemory or WriteProcessMemory request was completed. (0x12B)
[0607/064830.263:WARNING:pe_image_reader.cc(340)] could not read dos header from C:\Windows\System32\advapi32.dll
[0607/064830.263:ERROR:process_memory_win.cc(73)] ReadMemory at 0x7ff8a66e0000 of 64 bytes failed: Only part of a ReadProcessMemory or WriteProcessMemory request was completed. (0x12B)
[0607/064830.263:WARNING:pe_image_reader.cc(340)] could not read dos header from C:\Windows\System32\sechost.dll
[0607/064830.263:ERROR:process_memory_win.cc(73)] ReadMemory at 0x7ff8a4620000 of 64 bytes failed: Only part of a ReadProcessMemory or WriteProcessMemory request was completed. (0x12B)
[0607/064830.263:WARNING:pe_image_reader.cc(340)] could not read dos header from C:\Windows\System32\shlwapi.dll
[0607/064830.264:ERROR:process_memory_win.cc(73)] ReadMemory at 0x7ff8a4b80000 of 64 bytes failed: Only part of a ReadProcessMemory or WriteProcessMemory request was completed. (0x12B)
[0607/064830.264:WARNING:pe_image_reader.cc(340)] could not read dos header from C:\Windows\System32\GDI32.dll
[0607/064830.264:ERROR:process_memory_win.cc(73)] ReadMemory at 0x7ff8a4390000 of 64 bytes failed: Only part of a ReadProcessMemory or WriteProcessMemory request was completed. (0x12B)
[0607/064830.264:WARNING:pe_image_reader.cc(340)] could not read dos header from C:\Windows\System32\gdi32full.dll
[0607/064830.264:ERROR:process_memory_win.cc(73)] ReadMemory at 0x7ff8a42f0000 of 64 bytes failed: Only part of a ReadProcessMemory or WriteProcessMemory request was completed. (0x12B)
[0607/064830.264:WARNING:pe_image_reader.cc(340)] could not read dos header from C:\Windows\System32\msvcp_win.dll
[0607/064830.264:ERROR:process_memory_win.cc(73)] ReadMemory at 0x7ff8a4ce0000 of 64 bytes failed: Only part of a ReadProcessMemory or WriteProcessMemory request was completed. (0x12B)
[0607/064830.264:WARNING:pe_image_reader.cc(340)] could not read dos header from C:\Windows\System32\USER32.dll
[0607/064830.264:ERROR:process_memory_win.cc(73)] ReadMemory at 0x7ff8a4530000 of 64 bytes failed: Only part of a ReadProcessMemory or WriteProcessMemory request was completed. (0x12B)
[0607/064830.265:WARNING:pe_image_reader.cc(340)] could not read dos header from C:\Windows\System32\win32u.dll
[0607/064830.265:ERROR:process_memory_win.cc(73)] ReadMemory at 0x7ff8a3430000 of 64 bytes failed: Only part of a ReadProcessMemory or WriteProcessMemory request was completed. (0x12B)
[0607/064830.265:WARNING:pe_image_reader.cc(340)] could not read dos header from C:\Windows\System32\kernel.appcore.dll
[0607/064830.265:ERROR:process_memory_win.cc(73)] ReadMemory at 0x7ff8a3450000 of 64 bytes failed: Only part of a ReadProcessMemory or WriteProcessMemory request was completed. (0x12B)
[0607/064830.265:WARNING:pe_image_reader.cc(340)] could not read dos header from C:\Windows\System32\profapi.dll
[0607/064830.265:ERROR:process_memory_win.cc(73)] ReadMemory at 0x7ff8a33e0000 of 64 bytes failed: Only part of a ReadProcessMemory or WriteProcessMemory request was completed. (0x12B)
[0607/064830.265:WARNING:pe_image_reader.cc(340)] could not read dos header from C:\Windows\System32\powrprof.dll
[0607/064830.265:ERROR:process_memory_win.cc(73)] ReadMemory at 0x7ff8a33d0000 of 64 bytes failed: Only part of a ReadProcessMemory or WriteProcessMemory request was completed. (0x12B)
[0607/064830.265:WARNING:pe_image_reader.cc(340)] could not read dos header from C:\Windows\System32\FLTLIB.DLL
[0607/064830.266:ERROR:process_memory_win.cc(73)] ReadMemory at 0x7ff88bc20000 of 64 bytes failed: Only part of a ReadProcessMemory or WriteProcessMemory request was completed. (0x12B)
[0607/064830.266:WARNING:pe_image_reader.cc(340)] could not read dos header from C:\Program Files (x86)\Google\Chrome\Application\74.0.3729.169\chrome_elf.dll
[0607/064830.266:ERROR:process_memory_win.cc(73)] ReadMemory at 0x7ff89e2f0000 of 64 bytes failed: Only part of a ReadProcessMemory or WriteProcessMemory request was completed. (0x12B)
[0607/064830.266:WARNING:pe_image_reader.cc(340)] could not read dos header from C:\Windows\SYSTEM32\VERSION.dll
[0607/064830.266:ERROR:process_memory_win.cc(73)] ReadMemory at 0x7ff8a0560000 of 64 bytes failed: Only part of a ReadProcessMemory or WriteProcessMemory request was completed. (0x12B)
[0607/064830.266:WARNING:pe_image_reader.cc(340)] could not read dos header from C:\Windows\SYSTEM32\WINMM.dll
[0607/064830.266:ERROR:process_memory_win.cc(73)] ReadMemory at 0x7ff8a3300000 of 64 bytes failed: Only part of a ReadProcessMemory or WriteProcessMemory request was completed. (0x12B)
[0607/064830.267:WARNING:pe_image_reader.cc(340)] could not read dos header from C:\Windows\SYSTEM32\USERENV.dll
[0607/064830.267:ERROR:process_memory_win.cc(73)] ReadMemory at 0x7ff8a04f0000 of 64 bytes failed: Only part of a ReadProcessMemory or WriteProcessMemory request was completed. (0x12B)
[0607/064830.267:WARNING:pe_image_reader.cc(340)] could not read dos header from C:\Windows\SYSTEM32\WINMMBASE.dll
[0607/064830.267:ERROR:process_memory_win.cc(73)] ReadMemory at 0x7ff8a2da0000 of 64 bytes failed: Only part of a ReadProcessMemory or WriteProcessMemory request was completed. (0x12B)
[0607/064830.267:WARNING:pe_image_reader.cc(340)] could not read dos header from C:\Windows\SYSTEM32\CRYPTBASE.DLL
[0607/064830.267:ERROR:process_memory_win.cc(73)] ReadMemory at 0x7ff8a6490000 of 64 bytes failed: Only part of a ReadProcessMemory or WriteProcessMemory request was completed. (0x12B)
[0607/064830.267:WARNING:pe_image_reader.cc(340)] could not read dos header from C:\Windows\System32\IMM32.DLL
[0607/064830.267:ERROR:process_memory_win.cc(73)] ReadMemory at 0x7ff8592f0000 of 64 bytes failed: Only part of a ReadProcessMemory or WriteProcessMemory request was completed. (0x12B)
[0607/064830.267:WARNING:pe_image_reader.cc(340)] could not read dos header from C:\Program Files (x86)\Google\Chrome\Application\74.0.3729.169\chrome_child.dll
[0607/064830.268:ERROR:process_memory_win.cc(73)] ReadMemory at 0x7ff8a6c70000 of 64 bytes failed: Only part of a ReadProcessMemory or WriteProcessMemory request was completed. (0x12B)
[0607/064830.268:WARNING:pe_image_reader.cc(340)] could not read dos header from C:\Windows\System32\WS2_32.dll
[0607/064830.268:ERROR:process_memory_win.cc(73)] ReadMemory at 0x7ff8a6ce0000 of 64 bytes failed: Only part of a ReadProcessMemory or WriteProcessMemory request was completed. (0x12B)
[0607/064830.268:WARNING:pe_image_reader.cc(340)] could not read dos header from C:\Windows\System32\ole32.dll
[0607/064830.268:ERROR:process_memory_win.cc(73)] ReadMemory at 0x7ff8a6ba0000 of 64 bytes failed: Only part of a ReadProcessMemory or WriteProcessMemory request was completed. (0x12B)
[0607/064830.268:WARNING:pe_image_reader.cc(340)] could not read dos header from C:\Windows\System32\OLEAUT32.dll
[0607/064830.268:ERROR:process_memory_win.cc(73)] ReadMemory at 0x7ff8a4190000 of 64 bytes failed: Only part of a ReadProcessMemory or WriteProcessMemory request was completed. (0x12B)
[0607/064830.268:WARNING:pe_image_reader.cc(340)] could not read dos header from C:\Windows\System32\WINTRUST.dll
[0607/064830.268:ERROR:process_memory_win.cc(73)] ReadMemory at 0x7ff8a3470000 of 64 bytes failed: Only part of a ReadProcessMemory or WriteProcessMemory request was completed. (0x12B)
[0607/064830.269:WARNING:pe_image_reader.cc(340)] could not read dos header from C:\Windows\System32\MSASN1.dll
[0607/064830.269:ERROR:process_memory_win.cc(73)] ReadMemory at 0x7ff8a3fa0000 of 64 bytes failed: Only part of a ReadProcessMemory or WriteProcessMemory request was completed. (0x12B)
[0607/064830.269:WARNING:pe_image_reader.cc(340)] could not read dos header from C:\Windows\System32\CRYPT32.dll
[0607/064830.269:ERROR:process_memory_win.cc(73)] ReadMemory at 0x7ff8a6570000 of 64 bytes failed: Only part of a ReadProcessMemory or WriteProcessMemory request was completed. (0x12B)
[0607/064830.269:WARNING:pe_image_reader.cc(340)] could not read dos header from C:\Windows\System32\COMDLG32.dll
[0607/064830.269:ERROR:process_memory_win.cc(73)] ReadMemory at 0x7ff8a2970000 of 64 bytes failed: Only part of a ReadProcessMemory or WriteProcessMemory request was completed. (0x12B)
[0607/064830.269:WARNING:pe_image_reader.cc(340)] could not read dos header from C:\Windows\SYSTEM32\IPHLPAPI.DLL
[0607/064830.269:ERROR:process_memory_win.cc(73)] ReadMemory at 0x7ff893fc0000 of 64 bytes failed: Only part of a ReadProcessMemory or WriteProcessMemory request was completed. (0x12B)
[0607/064830.270:WARNING:pe_image_reader.cc(340)] could not read dos header from C:\Windows\SYSTEM32\OLEACC.dll
[0607/064830.270:ERROR:process_memory_win.cc(73)] ReadMemory at 0x7ff87ba50000 of 64 bytes failed: Only part of a ReadProcessMemory or WriteProcessMemory request was completed. (0x12B)
[0607/064830.270:WARNING:pe_image_reader.cc(340)] could not read dos header from C:\Windows\SYSTEM32\UIAutomationCore.DLL
[0607/064830.270:ERROR:process_memory_win.cc(73)] ReadMemory at 0x7ff89f140000 of 64 bytes failed: Only part of a ReadProcessMemory or WriteProcessMemory request was completed. (0x12B)
[0607/064830.270:WARNING:pe_image_reader.cc(340)] could not read dos header from C:\Windows\SYSTEM32\WTSAPI32.dll
[0607/064830.270:ERROR:process_memory_win.cc(73)] ReadMemory at 0x7ff8a16d0000 of 64 bytes failed: Only part of a ReadProcessMemory or WriteProcessMemory request was completed. (0x12B)
[0607/064830.270:WARNING:pe_image_reader.cc(340)] could not read dos header from C:\Windows\SYSTEM32\DWrite.dll
[0607/064830.270:ERROR:process_memory_win.cc(73)] ReadMemory at 0x7ff8a2260000 of 64 bytes failed: Only part of a ReadProcessMemory or WriteProcessMemory request was completed. (0x12B)
[0607/064830.270:WARNING:pe_image_reader.cc(340)] could not read dos header from C:\Windows\SYSTEM32\dxgi.dll
[0607/064830.271:ERROR:process_memory_win.cc(73)] ReadMemory at 0x7ff893f30000 of 64 bytes failed: Only part of a ReadProcessMemory or WriteProcessMemory request was completed. (0x12B)
[0607/064830.271:WARNING:pe_image_reader.cc(340)] could not read dos header from C:\Windows\SYSTEM32\WINSPOOL.DRV
[0607/064830.271:ERROR:process_memory_win.cc(73)] ReadMemory at 0x7ff8a1bf0000 of 64 bytes failed: Only part of a ReadProcessMemory or WriteProcessMemory request was completed. (0x12B)
[0607/064830.271:WARNING:pe_image_reader.cc(340)] could not read dos header from C:\Windows\SYSTEM32\dbghelp.dll
[0607/064830.271:ERROR:process_memory_win.cc(73)] ReadMemory at 0x7ff894350000 of 64 bytes failed: Only part of a ReadProcessMemory or WriteProcessMemory request was completed. (0x12B)
[0607/064830.271:WARNING:pe_image_reader.cc(340)] could not read dos header from C:\Windows\WinSxS\amd64_microsoft.windows.common-controls_6595b64144ccf1df_6.0.17134.765_none_fb42a1a930655896\COMCTL32.dll
[0607/064830.271:ERROR:process_memory_win.cc(73)] ReadMemory at 0x7ff8a0280000 of 64 bytes failed: Only part of a ReadProcessMemory or WriteProcessMemory request was completed. (0x12B)
[0607/064830.271:WARNING:pe_image_reader.cc(340)] could not read dos header from C:\Windows\SYSTEM32\USP10.dll
[0607/064830.272:ERROR:process_memory_win.cc(73)] ReadMemory at 0x7ff898220000 of 64 bytes failed: Only part of a ReadProcessMemory or WriteProcessMemory request was completed. (0x12B)
[0607/064830.272:WARNING:pe_image_reader.cc(340)] could not read dos header from C:\Windows\SYSTEM32\WINHTTP.dll
[0607/064830.272:ERROR:process_memory_win.cc(73)] ReadMemory at 0x7ff89be20000 of 64 bytes failed: Only part of a ReadProcessMemory or WriteProcessMemory request was completed. (0x12B)
[0607/064830.272:WARNING:pe_image_reader.cc(340)] could not read dos header from C:\Windows\SYSTEM32\urlmon.dll
[0607/064830.272:ERROR:process_memory_win.cc(73)] ReadMemory at 0x7ff893ae0000 of 64 bytes failed: Only part of a ReadProcessMemory or WriteProcessMemory request was completed. (0x12B)
[0607/064830.272:WARNING:pe_image_reader.cc(340)] could not read dos header from C:\Windows\SYSTEM32\Secur32.dll
[0607/064830.272:ERROR:process_memory_win.cc(73)] ReadMemory at 0x7ff89d630000 of 64 bytes failed: Only part of a ReadProcessMemory or WriteProcessMemory request was completed. (0x12B)
[0607/064830.272:WARNING:pe_image_reader.cc(340)] could not read dos header from C:\Windows\SYSTEM32\dhcpcsvc.DLL
[0607/064830.273:ERROR:process_memory_win.cc(73)] ReadMemory at 0x1fe2a340000 of 64 bytes failed: Only part of a ReadProcessMemory or WriteProcessMemory request was completed. (0x12B)
[0607/064830.273:WARNING:pe_image_reader.cc(340)] could not read dos header from C:\Windows\System32\NSI.dll
[0607/064830.273:ERROR:process_memory_win.cc(73)] ReadMemory at 0x7ff89ebe0000 of 64 bytes failed: Only part of a ReadProcessMemory or WriteProcessMemory request was completed. (0x12B)
[0607/064830.273:WARNING:pe_image_reader.cc(340)] could not read dos header from C:\Windows\SYSTEM32\PROPSYS.dll
[0607/064830.273:ERROR:process_memory_win.cc(73)] ReadMemory at 0x7ff8a2ed0000 of 64 bytes failed: Only part of a ReadProcessMemory or WriteProcessMemory request was completed. (0x12B)
[0607/064830.273:WARNING:pe_image_reader.cc(340)] could not read dos header from C:\Windows\SYSTEM32\bcrypt.dll
[0607/064830.273:ERROR:process_memory_win.cc(73)] ReadMemory at 0x7ff897810000 of 64 bytes failed: Only part of a ReadProcessMemory or WriteProcessMemory request was completed. (0x12B)
[0607/064830.273:WARNING:pe_image_reader.cc(340)] could not read dos header from C:\Windows\SYSTEM32\iertutil.dll
[0607/064830.273:ERROR:process_memory_win.cc(73)] ReadMemory at 0x7ff8a32d0000 of 64 bytes failed: Only part of a ReadProcessMemory or WriteProcessMemory request was completed. (0x12B)
[0607/064830.274:WARNING:pe_image_reader.cc(340)] could not read dos header from C:\Windows\SYSTEM32\SSPICLI.DLL
[0607/064830.274:ERROR:process_memory_win.cc(73)] ReadMemory at 0x7ff8a4690000 of 64 bytes failed: Only part of a ReadProcessMemory or WriteProcessMemory request was completed. (0x12B)
[0607/064830.274:WARNING:pe_image_reader.cc(340)] could not read dos header from C:\Windows\System32\SETUPAPI.dll
[0607/064830.274:ERROR:process_memory_win.cc(73)] ReadMemory at 0x7ff8a3180000 of 64 bytes failed: Only part of a ReadProcessMemory or WriteProcessMemory request was completed. (0x12B)
[0607/064830.274:WARNING:pe_image_reader.cc(340)] could not read dos header from C:\Windows\SYSTEM32\DEVOBJ.dll
[0607/064830.274:ERROR:process_memory_win.cc(73)] ReadMemory at 0x7ff875d40000 of 64 bytes failed: Only part of a ReadProcessMemory or WriteProcessMemory request was completed. (0x12B)
[0607/064830.274:WARNING:pe_image_reader.cc(340)] could not read dos header from C:\Program Files\NVIDIA Corporation\NVSMI\nvml.dll
[0607/064830.274:ERROR:process_memory_win.cc(73)] ReadMemory at 0x7ff8a4680000 of 64 bytes failed: Only part of a ReadProcessMemory or WriteProcessMemory request was completed. (0x12B)
[0607/064830.274:WARNING:pe_image_reader.cc(340)] could not read dos header from C:\Windows\System32\PSAPI.DLL
[0607/064830.275:ERROR:process_memory_win.cc(73)] ReadMemory at 0x7ff865bc0000 of 64 bytes failed: Only part of a ReadProcessMemory or WriteProcessMemory request was completed. (0x12B)
[0607/064830.275:WARNING:pe_image_reader.cc(340)] could not read dos header from C:\Windows\SYSTEM32\mf.dll
[0607/064830.275:ERROR:process_memory_win.cc(73)] ReadMemory at 0x7ff888ee0000 of 64 bytes failed: Only part of a ReadProcessMemory or WriteProcessMemory request was completed. (0x12B)
[0607/064830.275:WARNING:pe_image_reader.cc(340)] could not read dos header from C:\Windows\SYSTEM32\mfplat.dll
[0607/064830.275:ERROR:process_memory_win.cc(73)] ReadMemory at 0x7ff8893d0000 of 64 bytes failed: Only part of a ReadProcessMemory or WriteProcessMemory request was completed. (0x12B)
[0607/064830.275:WARNING:pe_image_reader.cc(340)] could not read dos header from C:\Windows\SYSTEM32\RTWorkQ.DLL
[0607/064830.275:ERROR:process_memory_win.cc(73)] ReadMemory at 0x7ff87f140000 of 64 bytes failed: Only part of a ReadProcessMemory or WriteProcessMemory request was completed. (0x12B)
[0607/064830.275:WARNING:pe_image_reader.cc(340)] could not read dos header from C:\Windows\SYSTEM32\msmpeg2vdec.dll
[0607/064830.276:ERROR:process_memory_win.cc(73)] ReadMemory at 0x7ff887890000 of 64 bytes failed: Only part of a ReadProcessMemory or WriteProcessMemory request was completed. (0x12B)
[0607/064830.276:WARNING:pe_image_reader.cc(340)] could not read dos header from C:\Windows\SYSTEM32\mfperfhelper.dll
[0607/064830.276:ERROR:process_memory_win.cc(73)] ReadMemory at 0x7ff8a2db0000 of 64 bytes failed: Only part of a ReadProcessMemory or WriteProcessMemory request was completed. (0x12B)
[0607/064830.276:WARNING:pe_image_reader.cc(340)] could not read dos header from C:\Windows\SYSTEM32\cryptsp.dll
[0607/064830.276:ERROR:process_memory_win.cc(73)] ReadMemory at 0x7ff898980000 of 64 bytes failed: Only part of a ReadProcessMemory or WriteProcessMemory request was completed. (0x12B)
[0607/064830.276:WARNING:pe_image_reader.cc(340)] could not read dos header from C:\Windows\SYSTEM32\dxva2.dll
[0607/064830.276:ERROR:process_memory_win.cc(73)] ReadMemory at 0x7ff885b10000 of 64 bytes failed: Only part of a ReadProcessMemory or WriteProcessMemory request was completed. (0x12B)
[0607/064830.276:WARNING:pe_image_reader.cc(340)] could not read dos header from C:\Windows\SYSTEM32\msvproc.dll
[0607/064830.276:ERROR:process_memory_win.cc(73)] ReadMemory at 0x7ff876540000 of 64 bytes failed: Only part of a ReadProcessMemory or WriteProcessMemory request was completed. (0x12B)
[0607/064830.277:WARNING:pe_image_reader.cc(340)] could not read dos header from C:\Windows\SYSTEM32\CompPkgSup.DLL
[0607/064830.277:ERROR:process_memory_win.cc(73)] ReadMemory at 0x7ff89fa30000 of 64 bytes failed: Only part of a ReadProcessMemory or WriteProcessMemory request was completed. (0x12B)
[0607/064830.277:WARNING:pe_image_reader.cc(340)] could not read dos header from C:\Windows\SYSTEM32\D3DCompiler_47.dll
[0607/064830.277:ERROR:process_memory_win.cc(73)] ReadMemory at 0x7ff8724d0000 of 64 bytes failed: Only part of a ReadProcessMemory or WriteProcessMemory request was completed. (0x12B)
[0607/064830.277:WARNING:pe_image_reader.cc(340)] could not read dos header from C:\Program Files (x86)\Google\Chrome\Application\74.0.3729.169\libglesv2.dll
[0607/064830.277:ERROR:process_memory_win.cc(73)] ReadMemory at 0x7ff895390000 of 64 bytes failed: Only part of a ReadProcessMemory or WriteProcessMemory request was completed. (0x12B)
[0607/064830.277:WARNING:pe_image_reader.cc(340)] could not read dos header from C:\Windows\SYSTEM32\d3d9.dll
[0607/064830.277:ERROR:process_memory_win.cc(73)] ReadMemory at 0x7ff8a0cf0000 of 64 bytes failed: Only part of a ReadProcessMemory or WriteProcessMemory request was completed. (0x12B)
[0607/064830.277:WARNING:pe_image_reader.cc(340)] could not read dos header from C:\Windows\SYSTEM32\dwmapi.dll
[0607/064830.278:ERROR:process_memory_win.cc(73)] ReadMemory at 0x7ff890a00000 of 64 bytes failed: Only part of a ReadProcessMemory or WriteProcessMemory request was completed. (0x12B)
[0607/064830.278:WARNING:pe_image_reader.cc(340)] could not read dos header from C:\Program Files (x86)\Google\Chrome\Application\74.0.3729.169\libegl.dll
[0607/064830.278:ERROR:process_memory_win.cc(73)] ReadMemory at 0x7ff8a1e10000 of 64 bytes failed: Only part of a ReadProcessMemory or WriteProcessMemory request was completed. (0x12B)
[0607/064830.278:WARNING:pe_image_reader.cc(340)] could not read dos header from C:\Windows\SYSTEM32\d3d11.dll
[0607/064830.278:ERROR:process_memory_win.cc(73)] ReadMemory at 0x7ff89f790000 of 64 bytes failed: Only part of a ReadProcessMemory or WriteProcessMemory request was completed. (0x12B)
[0607/064830.278:WARNING:pe_image_reader.cc(340)] could not read dos header from C:\Windows\SYSTEM32\dcomp.dll
[0607/064830.278:ERROR:process_memory_win.cc(73)] ReadMemory at 0x7ff89a860000 of 64 bytes failed: Only part of a ReadProcessMemory or WriteProcessMemory request was completed. (0x12B)
[0607/064830.278:WARNING:pe_image_reader.cc(340)] could not read dos header from C:\Windows\SYSTEM32\igd10iumd64.dll
[0607/064830.278:ERROR:process_memory_win.cc(73)] ReadMemory at 0x7ff8a2ea0000 of 64 bytes failed: Only part of a ReadProcessMemory or WriteProcessMemory request was completed. (0x12B)
[0607/064830.279:WARNING:pe_image_reader.cc(340)] could not read dos header from C:\Windows\SYSTEM32\ncrypt.dll
[0607/064830.279:ERROR:process_memory_win.cc(73)] ReadMemory at 0x7ff8a2e60000 of 64 bytes failed: Only part of a ReadProcessMemory or WriteProcessMemory request was completed. (0x12B)
[0607/064830.279:WARNING:pe_image_reader.cc(340)] could not read dos header from C:\Windows\SYSTEM32\NTASN1.dll
[0607/064830.279:ERROR:process_memory_win.cc(73)] ReadMemory at 0x7ff895c20000 of 64 bytes failed: Only part of a ReadProcessMemory or WriteProcessMemory request was completed. (0x12B)
[0607/064830.279:WARNING:pe_image_reader.cc(340)] could not read dos header from C:\Windows\SYSTEM32\igdusc64.dll
[0607/064830.279:ERROR:process_memory_win.cc(73)] ReadMemory at 0x7ff8a6a70000 of 64 bytes failed: Only part of a ReadProcessMemory or WriteProcessMemory request was completed. (0x12B)
[0607/064830.279:WARNING:pe_image_reader.cc(340)] could not read dos header from C:\Windows\System32\clbcatq.dll
[0607/064830.279:ERROR:process_memory_win.cc(73)] ReadMemory at 0x7ff89f480000 of 64 bytes failed: Only part of a ReadProcessMemory or WriteProcessMemory request was completed. (0x12B)
[0607/064830.279:WARNING:pe_image_reader.cc(340)] could not read dos header from C:\Windows\System32\WinTypes.dll
[0607/064830.280:ERROR:process_memory_win.cc(73)] ReadMemory at 0x7ff871490000 of 64 bytes failed: Only part of a ReadProcessMemory or WriteProcessMemory request was completed. (0x12B)
[0607/064830.280:WARNING:pe_image_reader.cc(340)] could not read dos header from C:\Windows\SYSTEM32\rometadata.dll
[0607/064830.280:ERROR:process_memory_win.cc(73)] ReadMemory at 0x7ff862940000 of 64 bytes failed: Only part of a ReadProcessMemory or WriteProcessMemory request was completed. (0x12B)
[0607/064830.280:WARNING:pe_image_reader.cc(340)] could not read dos header from C:\Windows\SYSTEM32\igd11dxva64.dll
[0607/064830.280:ERROR:process_memory_win.cc(73)] ReadMemory at 0x7ff890670000 of 64 bytes failed: Only part of a ReadProcessMemory or WriteProcessMemory request was completed. (0x12B)
[0607/064830.280:WARNING:pe_image_reader.cc(340)] could not read dos header from C:\Windows\System32\mfh264enc.dll
[0607/064830.280:ERROR:process_memory_win.cc(73)] ReadMemory at 0x7ff8a0b10000 of 64 bytes failed: Only part of a ReadProcessMemory or WriteProcessMemory request was completed. (0x12B)
[0607/064830.280:WARNING:pe_image_reader.cc(340)] could not read dos header from C:\Windows\system32\uxtheme.dll
[0607/064830.281:ERROR:process_memory_win.cc(73)] ReadMemory at 0x7ff8a4ed0000 of 64 bytes failed: Only part of a ReadProcessMemory or WriteProcessMemory request was completed. (0x12B)
[0607/064830.281:WARNING:pe_image_reader.cc(340)] could not read dos header from C:\Windows\System32\MSCTF.dll
[0607/064830.281:ERROR:process_memory_win.cc(73)] ReadMemory at 0x7ff8a2120000 of 64 bytes failed: Only part of a ReadProcessMemory or WriteProcessMemory request was completed. (0x12B)
[0607/064830.281:WARNING:pe_image_reader.cc(340)] could not read dos header from C:\Windows\SYSTEM32\avrt.dll
[0607/064830.487:ERROR:process_memory_win.cc(73)] ReadMemory at 0x4ded7ee000 of 73728 bytes failed: Only part of a ReadProcessMemory or WriteProcessMemory request was completed. (0x12B)
[0607/064830.487:ERROR:process_memory_win.cc(73)] ReadMemory at 0x4ded9fd000 of 12288 bytes failed: Only part of a ReadProcessMemory or WriteProcessMemory request was completed. (0x12B)
[0607/064830.487:ERROR:process_memory_win.cc(73)] ReadMemory at 0x4dedbfd000 of 12288 bytes failed: Only part of a ReadProcessMemory or WriteProcessMemory request was completed. (0x12B)
[0607/064830.487:ERROR:process_memory_win.cc(73)] ReadMemory at 0x4deddfd000 of 12288 bytes failed: Only part of a ReadProcessMemory or WriteProcessMemory request was completed. (0x12B)
[0607/064830.487:ERROR:process_memory_win.cc(73)] ReadMemory at 0x4dedffd000 of 12288 bytes failed: Only part of a ReadProcessMemory or WriteProcessMemory request was completed. (0x12B)
[0607/064830.488:ERROR:process_memory_win.cc(73)] ReadMemory at 0x4dee1fb000 of 20480 bytes failed: Only part of a ReadProcessMemory or WriteProcessMemory request was completed. (0x12B)
[0607/064830.488:ERROR:process_memory_win.cc(73)] ReadMemory at 0x4dee3ff000 of 4096 bytes failed: Only part of a ReadProcessMemory or WriteProcessMemory request was completed. (0x12B)
[0607/064830.488:ERROR:process_memory_win.cc(73)] ReadMemory at 0x4dee5f7000 of 36864 bytes failed: Only part of a ReadProcessMemory or WriteProcessMemory request was completed. (0x12B)
[0607/064830.488:ERROR:process_memory_win.cc(73)] ReadMemory at 0x4deeffd000 of 12288 bytes failed: Only part of a ReadProcessMemory or WriteProcessMemory request was completed. (0x12B)
[0607/064830.488:ERROR:process_memory_win.cc(73)] ReadMemory at 0x4def1f6000 of 40960 bytes failed: Only part of a ReadProcessMemory or WriteProcessMemory request was completed. (0x12B)
[0607/064830.488:ERROR:process_memory_win.cc(73)] ReadMemory at 0x4def7f0000 of 65536 bytes failed: Only part of a ReadProcessMemory or WriteProcessMemory request was completed. (0x12B)
[0607/064830.488:ERROR:process_memory_win.cc(73)] ReadMemory at 0x4deedfd000 of 12288 bytes failed: Only part of a ReadProcessMemory or WriteProcessMemory request was completed. (0x12B)
[0607/064830.488:ERROR:process_memory_win.cc(73)] ReadMemory at 0x4dee9f7000 of 36864 bytes failed: Only part of a ReadProcessMemory or WriteProcessMemory request was completed. (0x12B)
[0607/064830.488:ERROR:process_memory_win.cc(73)] ReadMemory at 0x4def3f6000 of 40960 bytes failed: Only part of a ReadProcessMemory or WriteProcessMemory request was completed. (0x12B)
[0607/064830.488:ERROR:process_memory_win.cc(73)] ReadMemory at 0x4defde0000 of 131072 bytes failed: Only part of a ReadProcessMemory or WriteProcessMemory request was completed. (0x12B)
[0607/064830.489:ERROR:process_memory_win.cc(73)] ReadMemory at 0x4deebe0000 of 131072 bytes failed: Only part of a ReadProcessMemory or WriteProcessMemory request was completed. (0x12B)
[0607/064830.489:ERROR:process_memory_win.cc(73)] ReadMemory at 0x4df01e0000 of 131072 bytes failed: Only part of a ReadProcessMemory or WriteProcessMemory request was completed. (0x12B)
[0607/064830.489:ERROR:process_memory_win.cc(73)] ReadMemory at 0x4dee7ff000 of 4096 bytes failed: Only part of a ReadProcessMemory or WriteProcessMemory request was completed. (0x12B)
[0607/064830.489:ERROR:process_memory_win.cc(73)] ReadMemory at 0x4df17e0000 of 131072 bytes failed: Only part of a ReadProcessMemory or WriteProcessMemory request was completed. (0x12B)
[0607/064830.489:ERROR:process_memory_win.cc(73)] ReadMemory at 0x4df19e0000 of 131072 bytes failed: Only part of a ReadProcessMemory or WriteProcessMemory request was completed. (0x12B)
[0607/064830.489:ERROR:process_memory_win.cc(73)] ReadMemory at 0x4df0fe0000 of 131072 bytes failed: Only part of a ReadProcessMemory or WriteProcessMemory request was completed. (0x12B)
[0607/064830.489:ERROR:process_memory_win.cc(73)] ReadMemory at 0x4df1be0000 of 131072 bytes failed: Only part of a ReadProcessMemory or WriteProcessMemory request was completed. (0x12B)
[0607/064830.490:ERROR:process_memory_win.cc(73)] ReadMemory at 0x4def9e0000 of 131072 bytes failed: Only part of a ReadProcessMemory or WriteProcessMemory request was completed. (0x12B)
[0607/064830.490:ERROR:process_memory_win.cc(73)] ReadMemory at 0x4defffd000 of 12288 bytes failed: Only part of a ReadProcessMemory or WriteProcessMemory request was completed. (0x12B)
[0607/064830.490:ERROR:process_memory_win.cc(73)] ReadMemory at 0x4df03fd000 of 12288 bytes failed: Only part of a ReadProcessMemory or WriteProcessMemory request was completed. (0x12B)
[0607/064830.490:ERROR:process_memory_win.cc(73)] ReadMemory at 0x4defbfd000 of 12288 bytes failed: Only part of a ReadProcessMemory or WriteProcessMemory request was completed. (0x12B)
[0607/064830.490:ERROR:process_memory_win.cc(73)] ReadMemory at 0x4df05fd000 of 12288 bytes failed: Only part of a ReadProcessMemory or WriteProcessMemory request was completed. (0x12B)
[0607/064830.490:ERROR:process_memory_win.cc(73)] ReadMemory at 0x4df11fd000 of 12288 bytes failed: Only part of a ReadProcessMemory or WriteProcessMemory request was completed. (0x12B)
[0607/064830.490:ERROR:process_memory_win.cc(73)] ReadMemory at 0x4df07fd000 of 12288 bytes failed: Only part of a ReadProcessMemory or WriteProcessMemory request was completed. (0x12B)
[0607/064830.490:ERROR:process_memory_win.cc(73)] ReadMemory at 0x4df0bfd000 of 12288 bytes failed: Only part of a ReadProcessMemory or WriteProcessMemory request was completed. (0x12B)
[0607/064830.490:ERROR:process_memory_win.cc(73)] ReadMemory at 0x4def5fd000 of 12288 bytes failed: Only part of a ReadProcessMemory or WriteProcessMemory request was completed. (0x12B)
[0607/064830.490:ERROR:process_memory_win.cc(73)] ReadMemory at 0x4df13fd000 of 12288 bytes failed: Only part of a ReadProcessMemory or WriteProcessMemory request was completed. (0x12B)
[0607/064830.490:ERROR:process_memory_win.cc(73)] ReadMemory at 0x4ded40a000 of 6024 bytes failed: Only part of a ReadProcessMemory or WriteProcessMemory request was completed. (0x12B)
[0607/064830.490:ERROR:process_memory_win.cc(73)] ReadMemory at 0x4ded418000 of 6024 bytes failed: Only part of a ReadProcessMemory or WriteProcessMemory request was completed. (0x12B)
[0607/064830.491:ERROR:process_memory_win.cc(73)] ReadMemory at 0x4ded420000 of 6024 bytes failed: Only part of a ReadProcessMemory or WriteProcessMemory request was completed. (0x12B)
[0607/064830.491:ERROR:process_memory_win.cc(73)] ReadMemory at 0x4ded448000 of 6024 bytes failed: Only part of a ReadProcessMemory or WriteProcessMemory request was completed. (0x12B)
[0607/064830.491:ERROR:process_memory_win.cc(73)] ReadMemory at 0x4ded480000 of 6024 bytes failed: Only part of a ReadProcessMemory or WriteProcessMemory request was completed. (0x12B)
[0607/064830.491:ERROR:process_memory_win.cc(73)] ReadMemory at 0x4ded4a6000 of 6024 bytes failed: Only part of a ReadProcessMemory or WriteProcessMemory request was completed. (0x12B)
[0607/064830.491:ERROR:process_memory_win.cc(73)] ReadMemory at 0x4ded4b2000 of 6024 bytes failed: Only part of a ReadProcessMemory or WriteProcessMemory request was completed. (0x12B)
[0607/064830.491:ERROR:process_memory_win.cc(73)] ReadMemory at 0x4ded4b4000 of 6024 bytes failed: Only part of a ReadProcessMemory or WriteProcessMemory request was completed. (0x12B)
[0607/064830.491:ERROR:process_memory_win.cc(73)] ReadMemory at 0x4ded4cc000 of 6024 bytes failed: Only part of a ReadProcessMemory or WriteProcessMemory request was completed. (0x12B)
[0607/064830.491:ERROR:process_memory_win.cc(73)] ReadMemory at 0x4ded4e4000 of 6024 bytes failed: Only part of a ReadProcessMemory or WriteProcessMemory request was completed. (0x12B)
[0607/064830.491:ERROR:process_memory_win.cc(73)] ReadMemory at 0x4ded504000 of 6024 bytes failed: Only part of a ReadProcessMemory or WriteProcessMemory request was completed. (0x12B)
[0607/064830.491:ERROR:process_memory_win.cc(73)] ReadMemory at 0x4ded506000 of 6024 bytes failed: Only part of a ReadProcessMemory or WriteProcessMemory request was completed. (0x12B)
[0607/064830.491:ERROR:process_memory_win.cc(73)] ReadMemory at 0x4ded50a000 of 6024 bytes failed: Only part of a ReadProcessMemory or WriteProcessMemory request was completed. (0x12B)
[0607/064830.491:ERROR:process_memory_win.cc(73)] ReadMemory at 0x4ded50c000 of 6024 bytes failed: Only part of a ReadProcessMemory or WriteProcessMemory request was completed. (0x12B)
[0607/064830.492:ERROR:process_memory_win.cc(73)] ReadMemory at 0x4ded50e000 of 6024 bytes failed: Only part of a ReadProcessMemory or WriteProcessMemory request was completed. (0x12B)
[0607/064830.492:ERROR:process_memory_win.cc(73)] ReadMemory at 0x4ded512000 of 6024 bytes failed: Only part of a ReadProcessMemory or WriteProcessMemory request was completed. (0x12B)
[0607/064830.492:ERROR:process_memory_win.cc(73)] ReadMemory at 0x4ded514000 of 6024 bytes failed: Only part of a ReadProcessMemory or WriteProcessMemory request was completed. (0x12B)
[0607/064830.492:ERROR:process_memory_win.cc(73)] ReadMemory at 0x4ded516000 of 6024 bytes failed: Only part of a ReadProcessMemory or WriteProcessMemory request was completed. (0x12B)
[0607/064830.492:ERROR:process_memory_win.cc(73)] ReadMemory at 0x4ded518000 of 6024 bytes failed: Only part of a ReadProcessMemory or WriteProcessMemory request was completed. (0x12B)
[0607/064830.492:ERROR:process_memory_win.cc(73)] ReadMemory at 0x4ded556000 of 852 bytes failed: Only part of a ReadProcessMemory or WriteProcessMemory request was completed. (0x12B)
[0607/064830.492:ERROR:process_memory_win.cc(73)] ReadMemory at 0x4ded557000 of 6024 bytes failed: Only part of a ReadProcessMemory or WriteProcessMemory request was completed. (0x12B)
[0607/064830.492:ERROR:process_memory_win.cc(73)] ReadMemory at 0x4ded559000 of 6024 bytes failed: Only part of a ReadProcessMemory or WriteProcessMemory request was completed. (0x12B)
[0607/064830.492:ERROR:process_memory_win.cc(73)] ReadMemory at 0x4ded55d000 of 6024 bytes failed: Only part of a ReadProcessMemory or WriteProcessMemory request was completed. (0x12B)
[0607/064830.492:ERROR:process_memory_win.cc(73)] ReadMemory at 0x4ded55f000 of 6024 bytes failed: Only part of a ReadProcessMemory or WriteProcessMemory request was completed. (0x12B)
[0607/064830.492:ERROR:process_memory_win.cc(73)] ReadMemory at 0x4ded561000 of 6024 bytes failed: Only part of a ReadProcessMemory or WriteProcessMemory request was completed. (0x12B)
[0607/064830.492:ERROR:process_memory_win.cc(73)] ReadMemory at 0x4ded563000 of 6024 bytes failed: Only part of a ReadProcessMemory or WriteProcessMemory request was completed. (0x12B)
[0607/064830.492:ERROR:process_memory_win.cc(73)] ReadMemory at 0x4ded565000 of 6024 bytes failed: Only part of a ReadProcessMemory or WriteProcessMemory request was completed. (0x12B)
[0607/064830.492:ERROR:process_memory_win.cc(73)] ReadMemory at 0x4ded567000 of 6024 bytes failed: Only part of a ReadProcessMemory or WriteProcessMemory request was completed. (0x12B)
[0607/064830.493:ERROR:process_memory_win.cc(73)] ReadMemory at 0x4ded597000 of 6024 bytes failed: Only part of a ReadProcessMemory or WriteProcessMemory request was completed. (0x12B)
[0607/064830.493:ERROR:process_memory_win.cc(73)] ReadMemory at 0x4ded5b3000 of 6024 bytes failed: Only part of a ReadProcessMemory or WriteProcessMemory request was completed. (0x12B)
[0607/064830.493:ERROR:process_memory_win.cc(73)] ReadMemory at 0x4ded5bb000 of 6024 bytes failed: Only part of a ReadProcessMemory or WriteProcessMemory request was completed. (0x12B)
[0607/064830.493:ERROR:process_memory_win.cc(73)] ReadMemory at 0x4ded5e5000 of 6024 bytes failed: Only part of a ReadProcessMemory or WriteProcessMemory request was completed. (0x12B)
[0607/064830.493:ERROR:process_memory_win.cc(73)] ReadMemory at 0x4ded5e7000 of 6024 bytes failed: Only part of a ReadProcessMemory or WriteProcessMemory request was completed. (0x12B)
[0607/064830.493:ERROR:process_memory_win.cc(73)] ReadMemory at 0x1fe12fcffd0 of 592 bytes failed: Only part of a ReadProcessMemory or WriteProcessMemory request was completed. (0x12B)
[0607/064830.493:ERROR:process_memory_win.cc(73)] ReadMemory at 0x1fe22210f80 of 512 bytes failed: Only part of a ReadProcessMemory or WriteProcessMemory request was completed. (0x12B)
[0607/064830.493:ERROR:process_memory_win.cc(73)] ReadMemory at 0x1fe2a350ab0 of 512 bytes failed: Only part of a ReadProcessMemory or WriteProcessMemory request was completed. (0x12B)
[0607/064830.493:ERROR:process_memory_win.cc(73)] ReadMemory at 0x1fe2a350fc0 of 16668 bytes failed: Only part of a ReadProcessMemory or WriteProcessMemory request was completed. (0x12B)
[0607/064830.493:ERROR:process_memory_win.cc(73)] ReadMemory at 0x1fe2a3550f0 of 1012 bytes failed: Only part of a ReadProcessMemory or WriteProcessMemory request was completed. (0x12B)
[0607/064830.493:ERROR:process_memory_win.cc(73)] ReadMemory at 0x1fe2a355708 of 118 bytes failed: Only part of a ReadProcessMemory or WriteProcessMemory request was completed. (0x12B)
[0607/064830.493:ERROR:process_memory_win.cc(73)] ReadMemory at 0x1fe2a355780 of 988 bytes failed: Only part of a ReadProcessMemory or WriteProcessMemory request was completed. (0x12B)
[0607/064830.493:ERROR:process_memory_win.cc(73)] ReadMemory at 0x1fe2a355b5e of 118 bytes failed: Only part of a ReadProcessMemory or WriteProcessMemory request was completed. (0x12B)
[0607/064830.493:ERROR:process_memory_win.cc(73)] ReadMemory at 0x1fe2a355bd6 of 30 bytes failed: Only part of a ReadProcessMemory or WriteProcessMemory request was completed. (0x12B)
[0607/064830.493:ERROR:process_memory_win.cc(73)] ReadMemory at 0x1fe2a355c00 of 58 bytes failed: Only part of a ReadProcessMemory or WriteProcessMemory request was completed. (0x12B)
[0607/064830.494:ERROR:process_memory_win.cc(73)] ReadMemory at 0x1fe2a355d00 of 132 bytes failed: Only part of a ReadProcessMemory or WriteProcessMemory request was completed. (0x12B)
[0607/064830.494:ERROR:process_memory_win.cc(73)] ReadMemory at 0x1fe2a355e90 of 132 bytes failed: Only part of a ReadProcessMemory or WriteProcessMemory request was completed. (0x12B)
[0607/064830.494:ERROR:process_memory_win.cc(73)] ReadMemory at 0x1fe2a356430 of 132 bytes failed: Only part of a ReadProcessMemory or WriteProcessMemory request was completed. (0x12B)
[0607/064830.494:ERROR:process_memory_win.cc(73)] ReadMemory at 0x1fe2a3565c0 of 64 bytes failed: Only part of a ReadProcessMemory or WriteProcessMemory request was completed. (0x12B)
[0607/064830.494:ERROR:process_memory_win.cc(73)] ReadMemory at 0x1fe2a356720 of 132 bytes failed: Only part of a ReadProcessMemory or WriteProcessMemory request was completed. (0x12B)
[0607/064830.494:ERROR:process_memory_win.cc(73)] ReadMemory at 0x1fe2a356920 of 62 bytes failed: Only part of a ReadProcessMemory or WriteProcessMemory request was completed. (0x12B)
[0607/064830.494:ERROR:process_memory_win.cc(73)] ReadMemory at 0x1fe2a356a10 of 132 bytes failed: Only part of a ReadProcessMemory or WriteProcessMemory request was completed. (0x12B)
[0607/064830.494:ERROR:process_memory_win.cc(73)] ReadMemory at 0x1fe2a356ba0 of 68 bytes failed: Only part of a ReadProcessMemory or WriteProcessMemory request was completed. (0x12B)
[0607/064830.494:ERROR:process_memory_win.cc(73)] ReadMemory at 0x1fe2a35cff0 of 132 bytes failed: Only part of a ReadProcessMemory or WriteProcessMemory request was completed. (0x12B)
[0607/064830.494:ERROR:process_memory_win.cc(73)] ReadMemory at 0x1fe2a35d230 of 132 bytes failed: Only part of a ReadProcessMemory or WriteProcessMemory request was completed. (0x12B)
[0607/064830.494:ERROR:process_memory_win.cc(73)] ReadMemory at 0x1fe2a35d3c0 of 62 bytes failed: Only part of a ReadProcessMemory or WriteProcessMemory request was completed. (0x12B)
[0607/064830.494:ERROR:process_memory_win.cc(73)] ReadMemory at 0x1fe2a35eb40 of 132 bytes failed: Only part of a ReadProcessMemory or WriteProcessMemory request was completed. (0x12B)
[0607/064830.494:ERROR:process_memory_win.cc(73)] ReadMemory at 0x1fe2a35ecd0 of 60 bytes failed: Only part of a ReadProcessMemory or WriteProcessMemory request was completed. (0x12B)
[0607/064830.494:ERROR:process_memory_win.cc(73)] ReadMemory at 0x1fe2a35ed20 of 158 bytes failed: Only part of a ReadProcessMemory or WriteProcessMemory request was completed. (0x12B)
[0607/064830.494:ERROR:process_memory_win.cc(73)] ReadMemory at 0x1fe2a35ef20 of 132 bytes failed: Only part of a ReadProcessMemory or WriteProcessMemory request was completed. (0x12B)
[0607/064830.494:ERROR:process_memory_win.cc(73)] ReadMemory at 0x1fe2a35f0b0 of 64 bytes failed: Only part of a ReadProcessMemory or WriteProcessMemory request was completed. (0x12B)
[0607/064830.494:ERROR:process_memory_win.cc(73)] ReadMemory at 0x1fe2a35f330 of 132 bytes failed: Only part of a ReadProcessMemory or WriteProcessMemory request was completed. (0x12B)
[0607/064830.494:ERROR:process_memory_win.cc(73)] ReadMemory at 0x1fe2a35f4c0 of 64 bytes failed: Only part of a ReadProcessMemory or WriteProcessMemory request was completed. (0x12B)
[0607/064830.494:ERROR:process_memory_win.cc(73)] ReadMemory at 0x1fe2a35f720 of 132 bytes failed: Only part of a ReadProcessMemory or WriteProcessMemory request was completed. (0x12B)
[0607/064830.494:ERROR:process_memory_win.cc(73)] ReadMemory at 0x1fe2a35f8b0 of 60 bytes failed: Only part of a ReadProcessMemory or WriteProcessMemory request was completed. (0x12B)
[0607/064830.494:ERROR:process_memory_win.cc(73)] ReadMemory at 0x1fe2a35fbd0 of 132 bytes failed: Only part of a ReadProcessMemory or WriteProcessMemory request was completed. (0x12B)
[0607/064830.495:ERROR:process_memory_win.cc(73)] ReadMemory at 0x1fe2a35fd60 of 60 bytes failed: Only part of a ReadProcessMemory or WriteProcessMemory request was completed. (0x12B)
[0607/064830.495:ERROR:process_memory_win.cc(73)] ReadMemory at 0x1fe2a35ff30 of 100 bytes failed: Only part of a ReadProcessMemory or WriteProcessMemory request was completed. (0x12B)
[0607/064830.495:ERROR:process_memory_win.cc(73)] ReadMemory at 0x1fe2a35ffa0 of 132 bytes failed: Only part of a ReadProcessMemory or WriteProcessMemory request was completed. (0x12B)
[0607/064830.635:ERROR:process_memory_win.cc(73)] ReadMemory at 0x1fe2a360130 of 62 bytes failed: Only part of a ReadProcessMemory or WriteProcessMemory request was completed. (0x12B)
[0607/064830.635:ERROR:process_memory_win.cc(73)] ReadMemory at 0x1fe2a360c80 of 132 bytes failed: Only part of a ReadProcessMemory or WriteProcessMemory request was completed. (0x12B)
[0607/064830.635:ERROR:process_memory_win.cc(73)] ReadMemory at 0x1fe2a360fe0 of 80 bytes failed: Only part of a ReadProcessMemory or WriteProcessMemory request was completed. (0x12B)
[0607/064830.635:ERROR:process_memory_win.cc(73)] ReadMemory at 0x1fe2a361280 of 76 bytes failed: Only part of a ReadProcessMemory or WriteProcessMemory request was completed. (0x12B)
[0607/064830.636:ERROR:process_memory_win.cc(73)] ReadMemory at 0x1fe2a3614c0 of 78 bytes failed: Only part of a ReadProcessMemory or WriteProcessMemory request was completed. (0x12B)
[0607/064830.636:ERROR:process_memory_win.cc(73)] ReadMemory at 0x1fe2a3617b0 of 132 bytes failed: Only part of a ReadProcessMemory or WriteProcessMemory request was completed. (0x12B)
[0607/064830.636:ERROR:process_memory_win.cc(73)] ReadMemory at 0x1fe2a361b00 of 152 bytes failed: Only part of a ReadProcessMemory or WriteProcessMemory request was completed. (0x12B)
[0607/064830.636:ERROR:process_memory_win.cc(73)] ReadMemory at 0x1fe2a361c90 of 132 bytes failed: Only part of a ReadProcessMemory or WriteProcessMemory request was completed. (0x12B)
[0607/064830.636:ERROR:process_memory_win.cc(73)] ReadMemory at 0x1fe2a361e10 of 58 bytes failed: Only part of a ReadProcessMemory or WriteProcessMemory request was completed. (0x12B)
[0607/064830.636:ERROR:process_memory_win.cc(73)] ReadMemory at 0x1fe2a361e60 of 64 bytes failed: Only part of a ReadProcessMemory or WriteProcessMemory request was completed. (0x12B)
[0607/064830.636:ERROR:process_memory_win.cc(73)] ReadMemory at 0x1fe2a361eb0 of 60 bytes failed: Only part of a ReadProcessMemory or WriteProcessMemory request was completed. (0x12B)
[0607/064830.637:ERROR:process_memory_win.cc(73)] ReadMemory at 0x1fe2a361f00 of 60 bytes failed: Only part of a ReadProcessMemory or WriteProcessMemory request was completed. (0x12B)
[0607/064830.637:ERROR:process_memory_win.cc(73)] ReadMemory at 0x1fe2a361f50 of 64 bytes failed: Only part of a ReadProcessMemory or WriteProcessMemory request was completed. (0x12B)
[0607/064830.637:ERROR:process_memory_win.cc(73)] ReadMemory at 0x1fe2a361ff0 of 62 bytes failed: Only part of a ReadProcessMemory or WriteProcessMemory request was completed. (0x12B)
[0607/064830.637:ERROR:process_memory_win.cc(73)] ReadMemory at 0x1fe2a362040 of 66 bytes failed: Only part of a ReadProcessMemory or WriteProcessMemory request was completed. (0x12B)
[0607/064830.637:ERROR:process_memory_win.cc(73)] ReadMemory at 0x1fe2a362130 of 58 bytes failed: Only part of a ReadProcessMemory or WriteProcessMemory request was completed. (0x12B)
[0607/064830.637:ERROR:process_memory_win.cc(73)] ReadMemory at 0x1fe2a362180 of 62 bytes failed: Only part of a ReadProcessMemory or WriteProcessMemory request was completed. (0x12B)
[0607/064830.637:ERROR:process_memory_win.cc(73)] ReadMemory at 0x1fe2a3621d0 of 62 bytes failed: Only part of a ReadProcessMemory or WriteProcessMemory request was completed. (0x12B)
[0607/064830.638:ERROR:process_memory_win.cc(73)] ReadMemory at 0x1fe2a362220 of 62 bytes failed: Only part of a ReadProcessMemory or WriteProcessMemory request was completed. (0x12B)
[0607/064830.638:ERROR:process_memory_win.cc(73)] ReadMemory at 0x1fe2a362270 of 66 bytes failed: Only part of a ReadProcessMemory or WriteProcessMemory request was completed. (0x12B)
[0607/064830.638:ERROR:process_memory_win.cc(73)] ReadMemory at 0x1fe2a3622c0 of 60 bytes failed: Only part of a ReadProcessMemory or WriteProcessMemory request was completed. (0x12B)
[0607/064830.638:ERROR:process_memory_win.cc(73)] ReadMemory at 0x1fe2a3623b0 of 62 bytes failed: Only part of a ReadProcessMemory or WriteProcessMemory request was completed. (0x12B)
[0607/064830.638:ERROR:process_memory_win.cc(73)] ReadMemory at 0x1fe2a3624f0 of 66 bytes failed: Only part of a ReadProcessMemory or WriteProcessMemory request was completed. (0x12B)
[0607/064830.638:ERROR:process_memory_win.cc(73)] ReadMemory at 0x1fe2a3636f0 of 132 bytes failed: Only part of a ReadProcessMemory or WriteProcessMemory request was completed. (0x12B)
[0607/064830.639:ERROR:process_memory_win.cc(73)] ReadMemory at 0x1fe2a363940 of 132 bytes failed: Only part of a ReadProcessMemory or WriteProcessMemory request was completed. (0x12B)
[0607/064830.639:ERROR:process_memory_win.cc(73)] ReadMemory at 0x1fe2a363a70 of 132 bytes failed: Only part of a ReadProcessMemory or WriteProcessMemory request was completed. (0x12B)
[0607/064830.639:ERROR:process_memory_win.cc(73)] ReadMemory at 0x1fe2a363ba0 of 132 bytes failed: Only part of a ReadProcessMemory or WriteProcessMemory request was completed. (0x12B)
[0607/064830.639:ERROR:process_memory_win.cc(73)] ReadMemory at 0x1fe2a363cd0 of 132 bytes failed: Only part of a ReadProcessMemory or WriteProcessMemory request was completed. (0x12B)
[0607/064830.639:ERROR:process_memory_win.cc(73)] ReadMemory at 0x1fe2a363e00 of 132 bytes failed: Only part of a ReadProcessMemory or WriteProcessMemory request was completed. (0x12B)
[0607/064830.639:ERROR:process_memory_win.cc(73)] ReadMemory at 0x1fe2a363f30 of 132 bytes failed: Only part of a ReadProcessMemory or WriteProcessMemory request was completed. (0x12B)
[0607/064830.639:ERROR:process_memory_win.cc(73)] ReadMemory at 0x1fe2a364060 of 132 bytes failed: Only part of a ReadProcessMemory or WriteProcessMemory request was completed. (0x12B)
[0607/064830.640:ERROR:process_memory_win.cc(73)] ReadMemory at 0x1fe2a364190 of 132 bytes failed: Only part of a ReadProcessMemory or WriteProcessMemory request was completed. (0x12B)
[0607/064830.640:ERROR:process_memory_win.cc(73)] ReadMemory at 0x1fe2a3642c0 of 132 bytes failed: Only part of a ReadProcessMemory or WriteProcessMemory request was completed. (0x12B)
[0607/064830.640:ERROR:process_memory_win.cc(73)] ReadMemory at 0x1fe2a3643f0 of 132 bytes failed: Only part of a ReadProcessMemory or WriteProcessMemory request was completed. (0x12B)
[0607/064830.640:ERROR:process_memory_win.cc(73)] ReadMemory at 0x1fe2a364520 of 132 bytes failed: Only part of a ReadProcessMemory or WriteProcessMemory request was completed. (0x12B)
[0607/064830.640:ERROR:process_memory_win.cc(73)] ReadMemory at 0x1fe2a364650 of 132 bytes failed: Only part of a ReadProcessMemory or WriteProcessMemory request was completed. (0x12B)
[0607/064830.640:ERROR:process_memory_win.cc(73)] ReadMemory at 0x1fe2a364780 of 132 bytes failed: Only part of a ReadProcessMemory or WriteProcessMemory request was completed. (0x12B)
[0607/064830.640:ERROR:process_memory_win.cc(73)] ReadMemory at 0x1fe2a364cf0 of 246 bytes failed: Only part of a ReadProcessMemory or WriteProcessMemory request was completed. (0x12B)
[0607/064830.641:ERROR:process_memory_win.cc(73)] ReadMemory at 0x1fe2a364df0 of 146 bytes failed: Only part of a ReadProcessMemory or WriteProcessMemory request was completed. (0x12B)
[0607/064830.641:ERROR:process_memory_win.cc(73)] ReadMemory at 0x1fe2a366270 of 154 bytes failed: Only part of a ReadProcessMemory or WriteProcessMemory request was completed. (0x12B)
[0607/064830.641:ERROR:process_memory_win.cc(73)] ReadMemory at 0x1fe2a366a20 of 58 bytes failed: Only part of a ReadProcessMemory or WriteProcessMemory request was completed. (0x12B)
[0607/064830.641:ERROR:process_memory_win.cc(73)] ReadMemory at 0x1fe2a366e30 of 60 bytes failed: Only part of a ReadProcessMemory or WriteProcessMemory request was completed. (0x12B)
[0607/064830.641:ERROR:process_memory_win.cc(73)] ReadMemory at 0x1fe2a3672e0 of 62 bytes failed: Only part of a ReadProcessMemory or WriteProcessMemory request was completed. (0x12B)
[0607/064830.641:ERROR:process_memory_win.cc(73)] ReadMemory at 0x1fe2a367510 of 60 bytes failed: Only part of a ReadProcessMemory or WriteProcessMemory request was completed. (0x12B)
[0607/064830.642:ERROR:process_memory_win.cc(73)] ReadMemory at 0x1fe2a367b80 of 132 bytes failed: Only part of a ReadProcessMemory or WriteProcessMemory request was completed. (0x12B)
[0607/064830.642:ERROR:process_memory_win.cc(73)] ReadMemory at 0x1fe2a367cb0 of 132 bytes failed: Only part of a ReadProcessMemory or WriteProcessMemory request was completed. (0x12B)
[0607/064830.642:ERROR:process_memory_win.cc(73)] ReadMemory at 0x1fe2a367de0 of 132 bytes failed: Only part of a ReadProcessMemory or WriteProcessMemory request was completed. (0x12B)
[0607/064830.642:ERROR:process_memory_win.cc(73)] ReadMemory at 0x1fe2a368040 of 132 bytes failed: Only part of a ReadProcessMemory or WriteProcessMemory request was completed. (0x12B)
[0607/064830.642:ERROR:process_memory_win.cc(73)] ReadMemory at 0x1fe2a368170 of 132 bytes failed: Only part of a ReadProcessMemory or WriteProcessMemory request was completed. (0x12B)
[0607/064830.642:ERROR:process_memory_win.cc(73)] ReadMemory at 0x1fe2a3682a0 of 132 bytes failed: Only part of a ReadProcessMemory or WriteProcessMemory request was completed. (0x12B)
[0607/064830.642:ERROR:process_memory_win.cc(73)] ReadMemory at 0x1fe2a3683d0 of 132 bytes failed: Only part of a ReadProcessMemory or WriteProcessMemory request was completed. (0x12B)
[0607/064830.643:ERROR:process_memory_win.cc(73)] ReadMemory at 0x1fe2a368500 of 132 bytes failed: Only part of a ReadProcessMemory or WriteProcessMemory request was completed. (0x12B)
[0607/064830.643:ERROR:process_memory_win.cc(73)] ReadMemory at 0x1fe2a368630 of 132 bytes failed: Only part of a ReadProcessMemory or WriteProcessMemory request was completed. (0x12B)
[0607/064830.643:ERROR:process_memory_win.cc(73)] ReadMemory at 0x1fe2a368760 of 132 bytes failed: Only part of a ReadProcessMemory or WriteProcessMemory request was completed. (0x12B)
[0607/064830.643:ERROR:process_memory_win.cc(73)] ReadMemory at 0x1fe2a368890 of 132 bytes failed: Only part of a ReadProcessMemory or WriteProcessMemory request was completed. (0x12B)
[0607/064830.643:ERROR:process_memory_win.cc(73)] ReadMemory at 0x1fe2a3689c0 of 132 bytes failed: Only part of a ReadProcessMemory or WriteProcessMemory request was completed. (0x12B)
[0607/064830.643:ERROR:process_memory_win.cc(73)] ReadMemory at 0x1fe2a368af0 of 132 bytes failed: Only part of a ReadProcessMemory or WriteProcessMemory request was completed. (0x12B)
[0607/064830.644:ERROR:process_memory_win.cc(73)] ReadMemory at 0x1fe2a368c20 of 132 bytes failed: Only part of a ReadProcessMemory or WriteProcessMemory request was completed. (0x12B)
[0607/064830.644:ERROR:process_memory_win.cc(73)] ReadMemory at 0x1fe2a368d50 of 132 bytes failed: Only part of a ReadProcessMemory or WriteProcessMemory request was completed. (0x12B)
[0607/064830.644:ERROR:process_memory_win.cc(73)] ReadMemory at 0x1fe2a368e80 of 132 bytes failed: Only part of a ReadProcessMemory or WriteProcessMemory request was completed. (0x12B)
[0607/064830.644:ERROR:process_memory_win.cc(73)] ReadMemory at 0x1fe2a368fb0 of 132 bytes failed: Only part of a ReadProcessMemory or WriteProcessMemory request was completed. (0x12B)
[0607/064830.644:ERROR:process_memory_win.cc(73)] ReadMemory at 0x1fe2a3690e0 of 132 bytes failed: Only part of a ReadProcessMemory or WriteProcessMemory request was completed. (0x12B)
[0607/064830.644:ERROR:process_memory_win.cc(73)] ReadMemory at 0x1fe2a369210 of 132 bytes failed: Only part of a ReadProcessMemory or WriteProcessMemory request was completed. (0x12B)
[0607/064830.644:ERROR:process_memory_win.cc(73)] ReadMemory at 0x1fe2a369340 of 132 bytes failed: Only part of a ReadProcessMemory or WriteProcessMemory request was completed. (0x12B)
[0607/064830.645:ERROR:process_memory_win.cc(73)] ReadMemory at 0x1fe2a369470 of 132 bytes failed: Only part of a ReadProcessMemory or WriteProcessMemory request was completed. (0x12B)
[0607/064830.645:ERROR:process_memory_win.cc(73)] ReadMemory at 0x1fe2a3695a0 of 132 bytes failed: Only part of a ReadProcessMemory or WriteProcessMemory request was completed. (0x12B)
[0607/064830.645:ERROR:process_memory_win.cc(73)] ReadMemory at 0x1fe2a3696d0 of 132 bytes failed: Only part of a ReadProcessMemory or WriteProcessMemory request was completed. (0x12B)
[0607/064830.645:ERROR:process_memory_win.cc(73)] ReadMemory at 0x1fe2a369800 of 132 bytes failed: Only part of a ReadProcessMemory or WriteProcessMemory request was completed. (0x12B)
[0607/064830.645:ERROR:process_memory_win.cc(73)] ReadMemory at 0x1fe2a369930 of 132 bytes failed: Only part of a ReadProcessMemory or WriteProcessMemory request was completed. (0x12B)
[0607/064830.645:ERROR:process_memory_win.cc(73)] ReadMemory at 0x1fe2a369c2c of 512 bytes failed: Only part of a ReadProcessMemory or WriteProcessMemory request was completed. (0x12B)
[0607/064830.646:ERROR:process_memory_win.cc(73)] ReadMemory at 0x1fe2a36b270 of 80 bytes failed: Only part of a ReadProcessMemory or WriteProcessMemory request was completed. (0x12B)
[0607/064830.646:ERROR:process_memory_win.cc(73)] ReadMemory at 0x1fe2a36c260 of 58 bytes failed: Only part of a ReadProcessMemory or WriteProcessMemory request was completed. (0x12B)
[0607/064830.646:ERROR:process_memory_win.cc(73)] ReadMemory at 0x1fe2a36c580 of 60 bytes failed: Only part of a ReadProcessMemory or WriteProcessMemory request was completed. (0x12B)
[0607/064830.646:ERROR:process_memory_win.cc(73)] ReadMemory at 0x1fe2a36cc60 of 58 bytes failed: Only part of a ReadProcessMemory or WriteProcessMemory request was completed. (0x12B)
[0607/064830.646:ERROR:process_memory_win.cc(73)] ReadMemory at 0x1fe2a36ccb0 of 64 bytes failed: Only part of a ReadProcessMemory or WriteProcessMemory request was completed. (0x12B)
[0607/064830.646:ERROR:process_memory_win.cc(73)] ReadMemory at 0x1fe2a36cda0 of 66 bytes failed: Only part of a ReadProcessMemory or WriteProcessMemory request was completed. (0x12B)
[0607/064830.646:ERROR:process_memory_win.cc(73)] ReadMemory at 0x1fe2a3783e0 of 54 bytes failed: Only part of a ReadProcessMemory or WriteProcessMemory request was completed. (0x12B)
[0607/064830.647:ERROR:process_memory_win.cc(73)] ReadMemory at 0x1fe2a37d4c0 of 62 bytes failed: Only part of a ReadProcessMemory or WriteProcessMemory request was completed. (0x12B)
[0607/064830.647:ERROR:process_memory_win.cc(73)] ReadMemory at 0x1fe2a37d560 of 56 bytes failed: Only part of a ReadProcessMemory or WriteProcessMemory request was completed. (0x12B)
[0607/064830.647:ERROR:process_memory_win.cc(73)] ReadMemory at 0x1fe2a37d600 of 64 bytes failed: Only part of a ReadProcessMemory or WriteProcessMemory request was completed. (0x12B)
[0607/064830.647:ERROR:process_memory_win.cc(73)] ReadMemory at 0x1fe2a37d740 of 62 bytes failed: Only part of a ReadProcessMemory or WriteProcessMemory request was completed. (0x12B)
[0607/064830.647:ERROR:process_memory_win.cc(73)] ReadMemory at 0x1fe2a37d790 of 60 bytes failed: Only part of a ReadProcessMemory or WriteProcessMemory request was completed. (0x12B)
[0607/064830.647:ERROR:process_memory_win.cc(73)] ReadMemory at 0x1fe2a37d7e0 of 64 bytes failed: Only part of a ReadProcessMemory or WriteProcessMemory request was completed. (0x12B)
[0607/064830.647:ERROR:process_memory_win.cc(73)] ReadMemory at 0x1fe2a37d830 of 64 bytes failed: Only part of a ReadProcessMemory or WriteProcessMemory request was completed. (0x12B)
[0607/064830.648:ERROR:process_memory_win.cc(73)] ReadMemory at 0x1fe2a37d8d0 of 60 bytes failed: Only part of a ReadProcessMemory or WriteProcessMemory request was completed. (0x12B)
[0607/064830.648:ERROR:process_memory_win.cc(73)] ReadMemory at 0x1fe2a37d920 of 62 bytes failed: Only part of a ReadProcessMemory or WriteProcessMemory request was completed. (0x12B)
[0607/064830.648:ERROR:process_memory_win.cc(73)] ReadMemory at 0x1fe2a37da10 of 62 bytes failed: Only part of a ReadProcessMemory or WriteProcessMemory request was completed. (0x12B)
[0607/064830.648:ERROR:process_memory_win.cc(73)] ReadMemory at 0x1fe2a37da60 of 60 bytes failed: Only part of a ReadProcessMemory or WriteProcessMemory request was completed. (0x12B)
[0607/064830.648:ERROR:process_memory_win.cc(73)] ReadMemory at 0x1fe2a37dce0 of 64 bytes failed: Only part of a ReadProcessMemory or WriteProcessMemory request was completed. (0x12B)
[0607/064830.648:ERROR:process_memory_win.cc(73)] ReadMemory at 0x1fe2a37ddd0 of 60 bytes failed: Only part of a ReadProcessMemory or WriteProcessMemory request was completed. (0x12B)
[0607/064830.648:ERROR:process_memory_win.cc(73)] ReadMemory at 0x1fe2a37de20 of 62 bytes failed: Only part of a ReadProcessMemory or WriteProcessMemory request was completed. (0x12B)
[0607/064830.649:ERROR:process_memory_win.cc(73)] ReadMemory at 0x1fe2a37de70 of 58 bytes failed: Only part of a ReadProcessMemory or WriteProcessMemory request was completed. (0x12B)
[0607/064830.649:ERROR:process_memory_win.cc(73)] ReadMemory at 0x1fe2a37e140 of 64 bytes failed: Only part of a ReadProcessMemory or WriteProcessMemory request was completed. (0x12B)
[0607/064830.649:ERROR:process_memory_win.cc(73)] ReadMemory at 0x1fe2a37e1e0 of 64 bytes failed: Only part of a ReadProcessMemory or WriteProcessMemory request was completed. (0x12B)
[0607/064830.649:ERROR:process_memory_win.cc(73)] ReadMemory at 0x1fe2a37e230 of 62 bytes failed: Only part of a ReadProcessMemory or WriteProcessMemory request was completed. (0x12B)
[0607/064830.649:ERROR:process_memory_win.cc(73)] ReadMemory at 0x1fe2a37e370 of 64 bytes failed: Only part of a ReadProcessMemory or WriteProcessMemory request was completed. (0x12B)
[0607/064830.649:ERROR:process_memory_win.cc(73)] ReadMemory at 0x1fe2a37e3c0 of 60 bytes failed: Only part of a ReadProcessMemory or WriteProcessMemory request was completed. (0x12B)
[0607/064830.649:ERROR:process_memory_win.cc(73)] ReadMemory at 0x1fe2a37e410 of 64 bytes failed: Only part of a ReadProcessMemory or WriteProcessMemory request was completed. (0x12B)
[0607/064830.650:ERROR:process_memory_win.cc(73)] ReadMemory at 0x1fe2a37fa80 of 132 bytes failed: Only part of a ReadProcessMemory or WriteProcessMemory request was completed. (0x12B)
[0607/064830.650:ERROR:process_memory_win.cc(73)] ReadMemory at 0x1fe2a37fbb0 of 132 bytes failed: Only part of a ReadProcessMemory or WriteProcessMemory request was completed. (0x12B)
[0607/064830.650:ERROR:process_memory_win.cc(73)] ReadMemory at 0x1fe2a37fce0 of 132 bytes failed: Only part of a ReadProcessMemory or WriteProcessMemory request was completed. (0x12B)
[0607/064830.650:ERROR:process_memory_win.cc(73)] ReadMemory at 0x1fe2a37fe10 of 132 bytes failed: Only part of a ReadProcessMemory or WriteProcessMemory request was completed. (0x12B)
[0607/064830.650:ERROR:process_memory_win.cc(73)] ReadMemory at 0x1fe2a37ff40 of 132 bytes failed: Only part of a ReadProcessMemory or WriteProcessMemory request was completed. (0x12B)
[0607/064830.650:ERROR:process_memory_win.cc(73)] ReadMemory at 0x1fe2a380070 of 132 bytes failed: Only part of a ReadProcessMemory or WriteProcessMemory request was completed. (0x12B)
[0607/064830.651:ERROR:process_memory_win.cc(73)] ReadMemory at 0x1fe2a3801a0 of 132 bytes failed: Only part of a ReadProcessMemory or WriteProcessMemory request was completed. (0x12B)
[0607/064830.651:ERROR:process_memory_win.cc(73)] ReadMemory at 0x1fe2a3802d0 of 132 bytes failed: Only part of a ReadProcessMemory or WriteProcessMemory request was completed. (0x12B)
[0607/064830.651:ERROR:process_memory_win.cc(73)] ReadMemory at 0x1fe2a380400 of 132 bytes failed: Only part of a ReadProcessMemory or WriteProcessMemory request was completed. (0x12B)
[0607/064830.651:ERROR:process_memory_win.cc(73)] ReadMemory at 0x1fe2a380530 of 132 bytes failed: Only part of a ReadProcessMemory or WriteProcessMemory request was completed. (0x12B)
[0607/064830.651:ERROR:process_memory_win.cc(73)] ReadMemory at 0x1fe2a380660 of 132 bytes failed: Only part of a ReadProcessMemory or WriteProcessMemory request was completed. (0x12B)
[0607/064830.651:ERROR:process_memory_win.cc(73)] ReadMemory at 0x1fe2a380790 of 132 bytes failed: Only part of a ReadProcessMemory or WriteProcessMemory request was completed. (0x12B)
[0607/064830.652:ERROR:process_memory_win.cc(73)] ReadMemory at 0x1fe2a3808c0 of 132 bytes failed: Only part of a ReadProcessMemory or WriteProcessMemory request was completed. (0x12B)
[0607/064830.652:ERROR:process_memory_win.cc(73)] ReadMemory at 0x1fe2a3809f0 of 132 bytes failed: Only part of a ReadProcessMemory or WriteProcessMemory request was completed. (0x12B)
[0607/064830.652:ERROR:process_memory_win.cc(73)] ReadMemory at 0x1fe2a380b20 of 132 bytes failed: Only part of a ReadProcessMemory or WriteProcessMemory request was completed. (0x12B)
[0607/064830.652:ERROR:process_memory_win.cc(73)] ReadMemory at 0x1fe2a380c50 of 132 bytes failed: Only part of a ReadProcessMemory or WriteProcessMemory request was completed. (0x12B)
[0607/064830.652:ERROR:process_memory_win.cc(73)] ReadMemory at 0x1fe2a380d80 of 132 bytes failed: Only part of a ReadProcessMemory or WriteProcessMemory request was completed. (0x12B)
[0607/064830.652:ERROR:process_memory_win.cc(73)] ReadMemory at 0x1fe2a380eb0 of 132 bytes failed: Only part of a ReadProcessMemory or WriteProcessMemory request was completed. (0x12B)
[0607/064830.652:ERROR:process_memory_win.cc(73)] ReadMemory at 0x1fe2a380fe0 of 132 bytes failed: Only part of a ReadProcessMemory or WriteProcessMemory request was completed. (0x12B)
[0607/064830.653:ERROR:process_memory_win.cc(73)] ReadMemory at 0x1fe2a381110 of 132 bytes failed: Only part of a ReadProcessMemory or WriteProcessMemory request was completed. (0x12B)
[0607/064830.653:ERROR:process_memory_win.cc(73)] ReadMemory at 0x1fe2a381240 of 132 bytes failed: Only part of a ReadProcessMemory or WriteProcessMemory request was completed. (0x12B)
[0607/064830.653:ERROR:process_memory_win.cc(73)] ReadMemory at 0x1fe2a381370 of 132 bytes failed: Only part of a ReadProcessMemory or WriteProcessMemory request was completed. (0x12B)
[0607/064830.653:ERROR:process_memory_win.cc(73)] ReadMemory at 0x1fe2a3814a0 of 132 bytes failed: Only part of a ReadProcessMemory or WriteProcessMemory request was completed. (0x12B)
[0607/064830.653:ERROR:process_memory_win.cc(73)] ReadMemory at 0x1fe2a3815d0 of 132 bytes failed: Only part of a ReadProcessMemory or WriteProcessMemory request was completed. (0x12B)
[0607/064830.653:ERROR:process_memory_win.cc(73)] ReadMemory at 0x1fe2a381700 of 132 bytes failed: Only part of a ReadProcessMemory or WriteProcessMemory request was completed. (0x12B)
[0607/064830.654:ERROR:process_memory_win.cc(73)] ReadMemory at 0x1fe2a381830 of 132 bytes failed: Only part of a ReadProcessMemory or WriteProcessMemory request was completed. (0x12B)
[0607/064830.654:ERROR:process_memory_win.cc(73)] ReadMemory at 0x1fe2a3938c0 of 60 bytes failed: Only part of a ReadProcessMemory or WriteProcessMemory request was completed. (0x12B)
[0607/064830.654:ERROR:process_memory_win.cc(73)] ReadMemory at 0x1fe2a393a00 of 70 bytes failed: Only part of a ReadProcessMemory or WriteProcessMemory request was completed. (0x12B)
[0607/064830.654:ERROR:process_memory_win.cc(73)] ReadMemory at 0x1fe2a393aa0 of 62 bytes failed: Only part of a ReadProcessMemory or WriteProcessMemory request was completed. (0x12B)
[0607/064830.654:ERROR:process_memory_win.cc(73)] ReadMemory at 0x1fe2a393be0 of 68 bytes failed: Only part of a ReadProcessMemory or WriteProcessMemory request was completed. (0x12B)
[0607/064830.654:ERROR:process_memory_win.cc(73)] ReadMemory at 0x1fe2a393e10 of 56 bytes failed: Only part of a ReadProcessMemory or WriteProcessMemory request was completed. (0x12B)
[0607/064830.654:ERROR:process_memory_win.cc(73)] ReadMemory at 0x1fe2a393e60 of 58 bytes failed: Only part of a ReadProcessMemory or WriteProcessMemory request was completed. (0x12B)
[0607/064830.655:ERROR:process_memory_win.cc(73)] ReadMemory at 0x1fe2a394630 of 62 bytes failed: Only part of a ReadProcessMemory or WriteProcessMemory request was completed. (0x12B)
[0607/064830.655:ERROR:process_memory_win.cc(73)] ReadMemory at 0x1fe2a396cf0 of 52 bytes failed: Only part of a ReadProcessMemory or WriteProcessMemory request was completed. (0x12B)
[0607/064830.655:ERROR:process_memory_win.cc(73)] ReadMemory at 0x1fe2a39b950 of 72 bytes failed: Only part of a ReadProcessMemory or WriteProcessMemory request was completed. (0x12B)
[0607/064830.655:ERROR:process_memory_win.cc(73)] ReadMemory at 0x1fe2a39b9b0 of 76 bytes failed: Only part of a ReadProcessMemory or WriteProcessMemory request was completed. (0x12B)
[0607/064830.655:ERROR:process_memory_win.cc(73)] ReadMemory at 0x1fe2a3a11f0 of 126 bytes failed: Only part of a ReadProcessMemory or WriteProcessMemory request was completed. (0x12B)
[0607/064830.655:ERROR:process_memory_win.cc(73)] ReadMemory at 0x1fe2a3b66c0 of 58 bytes failed: Only part of a ReadProcessMemory or WriteProcessMemory request was completed. (0x12B)
[0607/064830.655:ERROR:process_memory_win.cc(73)] ReadMemory at 0x1fe2a3b6cb0 of 58 bytes failed: Only part of a ReadProcessMemory or WriteProcessMemory request was completed. (0x12B)
[0607/064830.656:ERROR:process_memory_win.cc(73)] ReadMemory at 0x1fe2a3dcf20 of 64 bytes failed: Only part of a ReadProcessMemory or WriteProcessMemory request was completed. (0x12B)
[0607/064830.656:ERROR:process_memory_win.cc(73)] ReadMemory at 0x1fe2a3dd380 of 70 bytes failed: Only part of a ReadProcessMemory or WriteProcessMemory request was completed. (0x12B)
[0607/064830.656:ERROR:process_memory_win.cc(73)] ReadMemory at 0x1fe2a3dd510 of 62 bytes failed: Only part of a ReadProcessMemory or WriteProcessMemory request was completed. (0x12B)
[0607/064830.656:ERROR:process_memory_win.cc(73)] ReadMemory at 0x1fe2a3dd6f0 of 68 bytes failed: Only part of a ReadProcessMemory or WriteProcessMemory request was completed. (0x12B)
[0607/064830.656:ERROR:process_memory_win.cc(73)] ReadMemory at 0x1fe2a3dd920 of 60 bytes failed: Only part of a ReadProcessMemory or WriteProcessMemory request was completed. (0x12B)
[0607/064830.656:ERROR:process_memory_win.cc(73)] ReadMemory at 0x1fe2a3dd9c0 of 60 bytes failed: Only part of a ReadProcessMemory or WriteProcessMemory request was completed. (0x12B)
[0607/064830.656:ERROR:process_memory_win.cc(73)] ReadMemory at 0x1fe2a3dda60 of 64 bytes failed: Only part of a ReadProcessMemory or WriteProcessMemory request was completed. (0x12B)
[0607/064830.657:ERROR:process_memory_win.cc(73)] ReadMemory at 0x1fe2a3ebbd0 of 132 bytes failed: Only part of a ReadProcessMemory or WriteProcessMemory request was completed. (0x12B)
[0607/064830.657:ERROR:process_memory_win.cc(73)] ReadMemory at 0x1fe2a3ebd00 of 132 bytes failed: Only part of a ReadProcessMemory or WriteProcessMemory request was completed. (0x12B)
[0607/064830.657:ERROR:process_memory_win.cc(73)] ReadMemory at 0x1fe2a3ebf60 of 132 bytes failed: Only part of a ReadProcessMemory or WriteProcessMemory request was completed. (0x12B)
[0607/064830.657:ERROR:process_memory_win.cc(73)] ReadMemory at 0x1fe2a3ec090 of 132 bytes failed: Only part of a ReadProcessMemory or WriteProcessMemory request was completed. (0x12B)
[0607/064830.657:ERROR:process_memory_win.cc(73)] ReadMemory at 0x1fe2a3ec550 of 132 bytes failed: Only part of a ReadProcessMemory or WriteProcessMemory request was completed. (0x12B)
[0607/064830.657:ERROR:process_memory_win.cc(73)] ReadMemory at 0x1fe2a3ecc70 of 132 bytes failed: Only part of a ReadProcessMemory or WriteProcessMemory request was completed. (0x12B)
[0607/064830.658:ERROR:process_memory_win.cc(73)] ReadMemory at 0x1fe2a3ed260 of 132 bytes failed: Only part of a ReadProcessMemory or WriteProcessMemory request was completed. (0x12B)
[0607/064830.658:ERROR:process_memory_win.cc(73)] ReadMemory at 0x1fe2a3ed720 of 132 bytes failed: Only part of a ReadProcessMemory or WriteProcessMemory request was completed. (0x12B)
[0607/064830.658:ERROR:process_memory_win.cc(73)] ReadMemory at 0x1fe2a470000 of 384 bytes failed: Only part of a ReadProcessMemory or WriteProcessMemory request was completed. (0x12B)
[0607/064830.658:ERROR:process_memory_win.cc(73)] ReadMemory at 0x1fe2a5622c0 of 512 bytes failed: Only part of a ReadProcessMemory or WriteProcessMemory request was completed. (0x12B)
[0607/064830.658:ERROR:process_memory_win.cc(73)] ReadMemory at 0x1fe2bf2f240 of 512 bytes failed: Only part of a ReadProcessMemory or WriteProcessMemory request was completed. (0x12B)
[0607/064830.658:ERROR:process_memory_win.cc(73)] ReadMemory at 0x1fe2bf481f0 of 512 bytes failed: Only part of a ReadProcessMemory or WriteProcessMemory request was completed. (0x12B)
[0607/064830.659:ERROR:process_memory_win.cc(73)] ReadMemory at 0x1fe30e7c960 of 512 bytes failed: Only part of a ReadProcessMemory or WriteProcessMemory request was completed. (0x12B)
[0607/064830.659:ERROR:process_memory_win.cc(73)] ReadMemory at 0x1fe30e886b0 of 66 bytes failed: Only part of a ReadProcessMemory or WriteProcessMemory request was completed. (0x12B)
[0607/064830.659:ERROR:process_memory_win.cc(73)] ReadMemory at 0x1fe30e88a70 of 70 bytes failed: Only part of a ReadProcessMemory or WriteProcessMemory request was completed. (0x12B)
[0607/064830.659:ERROR:process_memory_win.cc(73)] ReadMemory at 0x1fe30e9ab80 of 512 bytes failed: Only part of a ReadProcessMemory or WriteProcessMemory request was completed. (0x12B)
[0607/064830.659:ERROR:process_memory_win.cc(73)] ReadMemory at 0x1fe30ea40a0 of 512 bytes failed: Only part of a ReadProcessMemory or WriteProcessMemory request was completed. (0x12B)
[0607/064830.659:ERROR:process_memory_win.cc(73)] ReadMemory at 0x1fe30ed5c80 of 512 bytes failed: Only part of a ReadProcessMemory or WriteProcessMemory request was completed. (0x12B)
[0607/064830.660:ERROR:process_memory_win.cc(73)] ReadMemory at 0x1fe30ed6220 of 512 bytes failed: Only part of a ReadProcessMemory or WriteProcessMemory request was completed. (0x12B)
[0607/064830.660:ERROR:process_memory_win.cc(73)] ReadMemory at 0x1fe31bb1bf0 of 58 bytes failed: Only part of a ReadProcessMemory or WriteProcessMemory request was completed. (0x12B)
[0607/064830.660:ERROR:process_memory_win.cc(73)] ReadMemory at 0x1fe31bb1d30 of 62 bytes failed: Only part of a ReadProcessMemory or WriteProcessMemory request was completed. (0x12B)
[0607/064830.660:ERROR:process_memory_win.cc(73)] ReadMemory at 0x1fe31bf6a20 of 132 bytes failed: Only part of a ReadProcessMemory or WriteProcessMemory request was completed. (0x12B)
[0607/064830.660:ERROR:process_memory_win.cc(73)] ReadMemory at 0x1fe31bf8570 of 132 bytes failed: Only part of a ReadProcessMemory or WriteProcessMemory request was completed. (0x12B)
[0607/064830.660:ERROR:process_memory_win.cc(73)] ReadMemory at 0x1fe324bebb0 of 512 bytes failed: Only part of a ReadProcessMemory or WriteProcessMemory request was completed. (0x12B)
[0607/064830.660:ERROR:process_memory_win.cc(73)] ReadMemory at 0x1fe340b2b40 of 512 bytes failed: Only part of a ReadProcessMemory or WriteProcessMemory request was completed. (0x12B)
[0607/064830.660:ERROR:process_memory_win.cc(73)] ReadMemory at 0x1fe3510b2d0 of 512 bytes failed: Only part of a ReadProcessMemory or WriteProcessMemory request was completed. (0x12B)
[0607/064830.661:ERROR:process_memory_win.cc(73)] ReadMemory at 0x1fe356212d0 of 512 bytes failed: Only part of a ReadProcessMemory or WriteProcessMemory request was completed. (0x12B)
[0607/064830.661:ERROR:process_memory_win.cc(73)] ReadMemory at 0x1fe35b5a370 of 512 bytes failed: Only part of a ReadProcessMemory or WriteProcessMemory request was completed. (0x12B)
[0607/064830.661:ERROR:process_memory_win.cc(73)] ReadMemory at 0x1fe361932d0 of 512 bytes failed: Only part of a ReadProcessMemory or WriteProcessMemory request was completed. (0x12B)
[0607/064830.661:ERROR:process_memory_win.cc(73)] ReadMemory at 0x1fe37a417a0 of 512 bytes failed: Only part of a ReadProcessMemory or WriteProcessMemory request was completed. (0x12B)
[0607/064830.661:ERROR:process_memory_win.cc(73)] ReadMemory at 0x1fe37e3ccc0 of 512 bytes failed: Only part of a ReadProcessMemory or WriteProcessMemory request was completed. (0x12B)
[0607/064830.661:ERROR:process_memory_win.cc(73)] ReadMemory at 0x1fe38e66800 of 512 bytes failed: Only part of a ReadProcessMemory or WriteProcessMemory request was completed. (0x12B)
[0607/064830.661:ERROR:process_memory_win.cc(73)] ReadMemory at 0x1fe3e12d9f0 of 512 bytes failed: Only part of a ReadProcessMemory or WriteProcessMemory request was completed. (0x12B)
[0607/064830.661:ERROR:process_memory_win.cc(73)] ReadMemory at 0x1fe3e1e7990 of 512 bytes failed: Only part of a ReadProcessMemory or WriteProcessMemory request was completed. (0x12B)
[0607/064830.661:ERROR:process_memory_win.cc(73)] ReadMemory at 0x1fe46b922d0 of 512 bytes failed: Only part of a ReadProcessMemory or WriteProcessMemory request was completed. (0x12B)
[0607/064830.661:ERROR:process_memory_win.cc(73)] ReadMemory at 0x1fe4b56e7e0 of 512 bytes failed: Only part of a ReadProcessMemory or WriteProcessMemory request was completed. (0x12B)
[0607/064830.661:ERROR:process_memory_win.cc(73)] ReadMemory at 0x1fe4c0a1f00 of 512 bytes failed: Only part of a ReadProcessMemory or WriteProcessMemory request was completed. (0x12B)
[0607/064830.661:ERROR:process_memory_win.cc(73)] ReadMemory at 0x1fe523e9d40 of 512 bytes failed: Only part of a ReadProcessMemory or WriteProcessMemory request was completed. (0x12B)
[0607/064830.661:ERROR:process_memory_win.cc(73)] ReadMemory at 0x1fe523f1460 of 512 bytes failed: Only part of a ReadProcessMemory or WriteProcessMemory request was completed. (0x12B)
[0607/064830.662:ERROR:process_memory_win.cc(73)] ReadMemory at 0x1fe529201a0 of 512 bytes failed: Only part of a ReadProcessMemory or WriteProcessMemory request was completed. (0x12B)
[0607/064830.662:ERROR:process_memory_win.cc(73)] ReadMemory at 0x1fe52f8b4d0 of 512 bytes failed: Only part of a ReadProcessMemory or WriteProcessMemory request was completed. (0x12B)
[0607/064830.662:ERROR:process_memory_win.cc(73)] ReadMemory at 0x1fe5313fa30 of 512 bytes failed: Only part of a ReadProcessMemory or WriteProcessMemory request was completed. (0x12B)
[0607/064830.662:ERROR:process_memory_win.cc(73)] ReadMemory at 0x1fe54b45f8a of 512 bytes failed: Only part of a ReadProcessMemory or WriteProcessMemory request was completed. (0x12B)
[0607/064830.662:ERROR:process_memory_win.cc(73)] ReadMemory at 0x1fe5b45ad00 of 512 bytes failed: Only part of a ReadProcessMemory or WriteProcessMemory request was completed. (0x12B)
[0607/064830.662:ERROR:process_memory_win.cc(73)] ReadMemory at 0x1fe6c862fb0 of 512 bytes failed: Only part of a ReadProcessMemory or WriteProcessMemory request was completed. (0x12B)
[0607/064830.662:ERROR:process_memory_win.cc(73)] ReadMemory at 0x1fe6ca6a0e0 of 512 bytes failed: Only part of a ReadProcessMemory or WriteProcessMemory request was completed. (0x12B)
[0607/064830.662:ERROR:process_memory_win.cc(73)] ReadMemory at 0x1fe6ca6c180 of 512 bytes failed: Only part of a ReadProcessMemory or WriteProcessMemory request was completed. (0x12B)
[0607/064830.662:ERROR:process_memory_win.cc(73)] ReadMemory at 0x1fe89ae3f20 of 512 bytes failed: Only part of a ReadProcessMemory or WriteProcessMemory request was completed. (0x12B)
[0607/064830.662:ERROR:process_memory_win.cc(73)] ReadMemory at 0x1fe89fe3a40 of 512 bytes failed: Only part of a ReadProcessMemory or WriteProcessMemory request was completed. (0x12B)
[0607/064830.662:ERROR:process_memory_win.cc(73)] ReadMemory at 0x7ff85b38409c of 512 bytes failed: Only part of a ReadProcessMemory or WriteProcessMemory request was completed. (0x12B)
[0607/064830.662:ERROR:process_memory_win.cc(73)] ReadMemory at 0x7ff85b72306f of 512 bytes failed: Only part of a ReadProcessMemory or WriteProcessMemory request was completed. (0x12B)
[0607/064830.663:ERROR:process_memory_win.cc(73)] ReadMemory at 0x7ff85de47b0a of 512 bytes failed: Only part of a ReadProcessMemory or WriteProcessMemory request was completed. (0x12B)
[0607/064830.663:ERROR:process_memory_win.cc(73)] ReadMemory at 0x7ff85df19d20 of 512 bytes failed: Only part of a ReadProcessMemory or WriteProcessMemory request was completed. (0x12B)
[0607/064830.663:ERROR:process_memory_win.cc(73)] ReadMemory at 0x7ff85e000dd8 of 512 bytes failed: Only part of a ReadProcessMemory or WriteProcessMemory request was completed. (0x12B)
[0607/064830.663:ERROR:process_memory_win.cc(73)] ReadMemory at 0x7ff85e6cf978 of 512 bytes failed: Only part of a ReadProcessMemory or WriteProcessMemory request was completed. (0x12B)
[0607/064830.663:ERROR:process_memory_win.cc(73)] ReadMemory at 0x7ff87f34b0a8 of 512 bytes failed: Only part of a ReadProcessMemory or WriteProcessMemory request was completed. (0x12B)
[0607/064830.663:ERROR:process_memory_win.cc(73)] ReadMemory at 0x7ff888efc410 of 512 bytes failed: Only part of a ReadProcessMemory or WriteProcessMemory request was completed. (0x12B)
[0607/064830.663:ERROR:process_memory_win.cc(73)] ReadMemory at 0x7ff889061980 of 512 bytes failed: Only part of a ReadProcessMemory or WriteProcessMemory request was completed. (0x12B)
[0607/064830.663:ERROR:process_memory_win.cc(73)] ReadMemory at 0x7ff8a4539664 of 512 bytes failed: Only part of a ReadProcessMemory or WriteProcessMemory request was completed. (0x12B)
[0607/064830.663:ERROR:process_memory_win.cc(73)] ReadMemory at 0x7ff8a4570e00 of 512 bytes failed: Only part of a ReadProcessMemory or WriteProcessMemory request was completed. (0x12B)
[0607/064830.663:ERROR:process_memory_win.cc(73)] ReadMemory at 0x7ff8a4d00200 of 512 bytes failed: Only part of a ReadProcessMemory or WriteProcessMemory request was completed. (0x12B)
[0607/064830.663:ERROR:process_memory_win.cc(73)] ReadMemory at 0x7ff8a70e79f0 of 512 bytes failed: Only part of a ReadProcessMemory or WriteProcessMemory request was completed. (0x12B)
[0607/064830.663:ERROR:process_memory_win.cc(73)] ReadMemory at 0x7ff8a70e82e0 of 512 bytes failed: Only part of a ReadProcessMemory or WriteProcessMemory request was completed. (0x12B)
[0607/064830.663:ERROR:process_memory_win.cc(73)] ReadMemory at 0x7ff8a70ea0d0 of 512 bytes failed: Only part of a ReadProcessMemory or WriteProcessMemory request was completed. (0x12B)
[0607/064830.664:ERROR:process_memory_win.cc(73)] ReadMemory at 0x7ff8a715a9a4 of 672 bytes failed: Only part of a ReadProcessMemory or WriteProcessMemory request was completed. (0x12B)
[0607/064830.664:ERROR:process_memory_win.cc(73)] ReadMemory at 0x7ff8a715afa4 of 512 bytes failed: Only part of a ReadProcessMemory or WriteProcessMemory request was completed. (0x12B)
[0607/064830.664:ERROR:process_memory_win.cc(73)] ReadMemory at 0x7ff8a715b474 of 512 bytes failed: Only part of a ReadProcessMemory or WriteProcessMemory request was completed. (0x12B)
[0607/064830.664:ERROR:process_memory_win.cc(73)] ReadMemory at 0x7ff8a715e274 of 512 bytes failed: Only part of a ReadProcessMemory or WriteProcessMemory request was completed. (0x12B)
[0607/064830.664:ERROR:process_memory_win.cc(73)] ReadMemory at 0x7ff8a71e01e0 of 18 bytes failed: Only part of a ReadProcessMemory or WriteProcessMemory request was completed. (0x12B)
[0607/064830.664:ERROR:process_memory_win.cc(73)] ReadMemory at 0x7ff8a72165b0 of 40 bytes failed: Only part of a ReadProcessMemory or WriteProcessMemory request was completed. (0x12B)
[0607/064830.664:ERROR:process_memory_win.cc(73)] ReadMemory at 0x7ff8a7216a08 of 48 bytes failed: Only part of a ReadProcessMemory or WriteProcessMemory request was completed. (0x12B)
[0607/064830.664:ERROR:process_memory_win.cc(73)] ReadMemory at 0x7ff8a721c360 of 64 bytes failed: Only part of a ReadProcessMemory or WriteProcessMemory request was completed. (0x12B)
[0607/064830.861:ERROR:scoped_process_suspend.cc(40)] NtResumeProcess: An attempt was made to access an exiting process. (0xc000010a)
